2026-03-30 03:13:26 [HikariPool-1 housekeeper] WARN  com.zaxxer.hikari.pool.HikariPool - HikariPool-1 - Thread starvation or clock leap detected (housekeeper delta=8h29m3s431ms225µs400ns).
2026-03-30 08:14:03 [HikariPool-1 housekeeper] WARN  com.zaxxer.hikari.pool.HikariPool - HikariPool-1 - Thread starvation or clock leap detected (housekeeper delta=5h40s931ms660µs900ns).
2026-03-30 08:14:20 [http-nio-8080-exec-4] DEBUG o.s.security.web.FilterChainProxy - Securing OPTIONS /api/suppliers?page=0&size=200
2026-03-30 08:14:20 [http-nio-8080-exec-3] DEBUG o.s.security.web.FilterChainProxy - Securing OPTIONS /api/colors
2026-03-30 08:14:20 [http-nio-8080-exec-5] DEBUG o.s.security.web.FilterChainProxy - Securing OPTIONS /api/rolls?page=0&size=20
2026-03-30 08:14:20 [http-nio-8080-exec-2] DEBUG o.s.security.web.FilterChainProxy - Securing OPTIONS /api/altiers?page=0&size=200
2026-03-30 08:14:20 [http-nio-8080-exec-6] DEBUG o.s.security.web.FilterChainProxy - Securing OPTIONS /api/suppliers?page=0&size=200
2026-03-30 08:14:20 [http-nio-8080-exec-7] DEBUG o.s.security.web.FilterChainProxy - Securing OPTIONS /api/altiers?page=0&size=200
2026-03-30 08:14:20 [http-nio-8080-exec-8] DEBUG o.s.security.web.FilterChainProxy - Securing OPTIONS /api/colors
2026-03-30 08:14:20 [http-nio-8080-exec-9] DEBUG o.s.security.web.FilterChainProxy - Securing OPTIONS /api/rolls?page=0&size=20
2026-03-30 08:14:20 [http-nio-8080-exec-3] DEBUG o.s.security.web.FilterChainProxy - Securing GET /api/altiers?page=0&size=200
2026-03-30 08:14:20 [http-nio-8080-exec-2] DEBUG o.s.security.web.FilterChainProxy - Securing GET /api/suppliers?page=0&size=200
2026-03-30 08:14:20 [http-nio-8080-exec-1] DEBUG o.s.security.web.FilterChainProxy - Securing GET /api/rolls?page=0&size=20
2026-03-30 08:14:20 [http-nio-8080-exec-10] DEBUG o.s.security.web.FilterChainProxy - Securing GET /api/colors
2026-03-30 08:14:20 [http-nio-8080-exec-10] INFO  c.a.g.s.s.JwtAuthenticationFilter - JWT token validated for user: b4d76213-e99a-43f7-8e60-3f6fcb7f813c (type: java.util.UUID)
2026-03-30 08:14:20 [http-nio-8080-exec-3] INFO  c.a.g.s.s.JwtAuthenticationFilter - JWT token validated for user: b4d76213-e99a-43f7-8e60-3f6fcb7f813c (type: java.util.UUID)
2026-03-30 08:14:20 [http-nio-8080-exec-1] INFO  c.a.g.s.s.JwtAuthenticationFilter - JWT token validated for user: b4d76213-e99a-43f7-8e60-3f6fcb7f813c (type: java.util.UUID)
2026-03-30 08:14:20 [http-nio-8080-exec-2] INFO  c.a.g.s.s.JwtAuthenticationFilter - JWT token validated for user: b4d76213-e99a-43f7-8e60-3f6fcb7f813c (type: java.util.UUID)
2026-03-30 08:14:20 [http-nio-8080-exec-1] DEBUG o.s.security.web.FilterChainProxy - Secured GET /api/rolls?page=0&size=20
2026-03-30 08:14:20 [http-nio-8080-exec-3] DEBUG o.s.security.web.FilterChainProxy - Secured GET /api/altiers?page=0&size=200
2026-03-30 08:14:20 [http-nio-8080-exec-10] DEBUG o.s.security.web.FilterChainProxy - Secured GET /api/colors
2026-03-30 08:14:20 [http-nio-8080-exec-2] DEBUG o.s.security.web.FilterChainProxy - Secured GET /api/suppliers?page=0&size=200
2026-03-30 08:14:20 [http-nio-8080-exec-3] DEBUG c.a.g.a.controller.AltierController - Fetching all altiers
2026-03-30 08:14:20 [http-nio-8080-exec-1] DEBUG c.a.g.api.controller.RollController - Fetching rolls for user: b4d76213-e99a-43f7-8e60-3f6fcb7f813c
2026-03-30 08:14:20 [http-nio-8080-exec-2] DEBUG c.a.g.a.c.SupplierController - Fetching all suppliers
2026-03-30 08:14:20 [http-nio-8080-exec-3] DEBUG org.hibernate.SQL - 
    /* SELECT
        a 
    FROM
        Altier a 
    WHERE
        (
            :search = '' 
            OR LOWER(a.libelle) LIKE CONCAT('%', :search, '%') 
            OR LOWER(a.adresse) LIKE CONCAT('%', :search, '%')
        ) 
        AND a.createdAt >= :fromDate 
        AND a.createdAt <= :toDate 
    order by
        a.createdAt desc */ select
            a1_0.id,
            a1_0.adresse,
            a1_0.created_at,
            a1_0.libelle,
            a1_0.updated_at 
        from
            altier a1_0 
        where
            (
                ?='' 
                or lower(a1_0.libelle) like ('%'||?||'%') escape '' 
                or lower(a1_0.adresse) like ('%'||?||'%') escape ''
            ) 
            and a1_0.created_at>=? 
            and a1_0.created_at<=? 
        order by
            a1_0.created_at desc 
        offset
            ? rows 
        fetch
            first ? rows only
2026-03-30 08:14:20 [http-nio-8080-exec-10] DEBUG org.hibernate.SQL - 
    /* <criteria> */ select
        c1_0.id,
        c1_0.created_at,
        c1_0.hex_code,
        c1_0.is_active,
        c1_0.name,
        c1_0.updated_at 
    from
        colors c1_0
2026-03-30 08:14:20 [http-nio-8080-exec-1] DEBUG org.hibernate.SQL - 
    select
        u1_0.id,
        u1_0.created_at,
        u1_0.email,
        u1_0.full_name,
        u1_0.is_active,
        u1_0.last_login,
        u1_0.password_hash,
        pa1_0.id,
        pa1_0.adresse,
        pa1_0.created_at,
        pa1_0.libelle,
        pa1_0.updated_at,
        u1_0.role,
        u1_0.updated_at,
        u1_0.username 
    from
        users u1_0 
    left join
        altier pa1_0 
            on pa1_0.id=u1_0.primary_altier_id 
    where
        u1_0.id=?
2026-03-30 08:14:20 [http-nio-8080-exec-2] DEBUG org.hibernate.SQL - 
    /* SELECT
        s 
    FROM
        Supplier s 
    WHERE
        (
            :search = '' 
            OR LOWER(s.name) LIKE CONCAT('%', :search, '%') 
            OR LOWER(s.country) LIKE CONCAT('%', :search, '%') 
            OR LOWER(s.contactPerson) LIKE CONCAT('%', :search, '%') 
            OR LOWER(s.email) LIKE CONCAT('%', :search, '%') 
            OR LOWER(s.phone) LIKE CONCAT('%', :search, '%')
        ) 
        AND (
            :country = '' 
            OR LOWER(s.country) = :country
        ) 
        AND s.createdAt >= :fromDate 
        AND s.createdAt <= :toDate 
    order by
        s.createdAt desc */ select
            s1_0.id,
            s1_0.contact_person,
            s1_0.country,
            s1_0.created_at,
            s1_0.email,
            s1_0.lead_time_days,
            s1_0.name,
            s1_0.notes,
            s1_0.phone,
            s1_0.updated_at 
        from
            suppliers s1_0 
        where
            (
                ?='' 
                or lower(s1_0.name) like ('%'||?||'%') escape '' 
                or lower(s1_0.country) like ('%'||?||'%') escape '' 
                or lower(s1_0.contact_person) like ('%'||?||'%') escape '' 
                or lower(s1_0.email) like ('%'||?||'%') escape '' 
                or lower(s1_0.phone) like ('%'||?||'%') escape ''
            ) 
            and (
                ?='' 
                or lower(s1_0.country)=?
            ) 
            and s1_0.created_at>=? 
            and s1_0.created_at<=? 
        order by
            s1_0.created_at desc 
        offset
            ? rows 
        fetch
            first ? rows only
2026-03-30 08:14:20 [http-nio-8080-exec-4] DEBUG o.s.security.web.FilterChainProxy - Securing GET /api/colors
2026-03-30 08:14:20 [http-nio-8080-exec-1] DEBUG c.a.g.d.u.service.UserAltierService - User b4d76213-e99a-43f7-8e60-3f6fcb7f813c is ADMIN - returning all altiers
2026-03-30 08:14:20 [http-nio-8080-exec-1] DEBUG c.a.g.d.altier.service.AltierService - Fetching all altiers
2026-03-30 08:14:20 [http-nio-8080-exec-6] DEBUG o.s.security.web.FilterChainProxy - Securing GET /api/altiers?page=0&size=200
2026-03-30 08:14:20 [http-nio-8080-exec-1] DEBUG org.hibernate.SQL - 
    /* <criteria> */ select
        a1_0.id,
        a1_0.adresse,
        a1_0.created_at,
        a1_0.libelle,
        a1_0.updated_at 
    from
        altier a1_0
2026-03-30 08:14:20 [http-nio-8080-exec-6] INFO  c.a.g.s.s.JwtAuthenticationFilter - JWT token validated for user: b4d76213-e99a-43f7-8e60-3f6fcb7f813c (type: java.util.UUID)
2026-03-30 08:14:20 [http-nio-8080-exec-4] INFO  c.a.g.s.s.JwtAuthenticationFilter - JWT token validated for user: b4d76213-e99a-43f7-8e60-3f6fcb7f813c (type: java.util.UUID)
2026-03-30 08:14:20 [http-nio-8080-exec-6] DEBUG o.s.security.web.FilterChainProxy - Secured GET /api/altiers?page=0&size=200
2026-03-30 08:14:20 [http-nio-8080-exec-4] DEBUG o.s.security.web.FilterChainProxy - Secured GET /api/colors
2026-03-30 08:14:20 [http-nio-8080-exec-6] DEBUG c.a.g.a.controller.AltierController - Fetching all altiers
2026-03-30 08:14:20 [http-nio-8080-exec-4] DEBUG org.hibernate.SQL - 
    /* <criteria> */ select
        c1_0.id,
        c1_0.created_at,
        c1_0.hex_code,
        c1_0.is_active,
        c1_0.name,
        c1_0.updated_at 
    from
        colors c1_0
2026-03-30 08:14:20 [http-nio-8080-exec-6] DEBUG org.hibernate.SQL - 
    /* SELECT
        a 
    FROM
        Altier a 
    WHERE
        (
            :search = '' 
            OR LOWER(a.libelle) LIKE CONCAT('%', :search, '%') 
            OR LOWER(a.adresse) LIKE CONCAT('%', :search, '%')
        ) 
        AND a.createdAt >= :fromDate 
        AND a.createdAt <= :toDate 
    order by
        a.createdAt desc */ select
            a1_0.id,
            a1_0.adresse,
            a1_0.created_at,
            a1_0.libelle,
            a1_0.updated_at 
        from
            altier a1_0 
        where
            (
                ?='' 
                or lower(a1_0.libelle) like ('%'||?||'%') escape '' 
                or lower(a1_0.adresse) like ('%'||?||'%') escape ''
            ) 
            and a1_0.created_at>=? 
            and a1_0.created_at<=? 
        order by
            a1_0.created_at desc 
        offset
            ? rows 
        fetch
            first ? rows only
2026-03-30 08:14:20 [http-nio-8080-exec-5] DEBUG o.s.security.web.FilterChainProxy - Securing GET /api/suppliers?page=0&size=200
2026-03-30 08:14:20 [http-nio-8080-exec-5] INFO  c.a.g.s.s.JwtAuthenticationFilter - JWT token validated for user: b4d76213-e99a-43f7-8e60-3f6fcb7f813c (type: java.util.UUID)
2026-03-30 08:14:20 [http-nio-8080-exec-5] DEBUG o.s.security.web.FilterChainProxy - Secured GET /api/suppliers?page=0&size=200
2026-03-30 08:14:20 [http-nio-8080-exec-1] DEBUG org.hibernate.SQL - 
    /* SELECT
        r 
    FROM
        Roll r 
    WHERE
        r.altier.id IN (:altierIds) 
        AND (
            :status IS NULL 
            OR r.status = :status
        ) 
        AND (
            :materialType IS NULL 
            OR r.materialType = :materialType
        ) 
        AND (
            :supplierId IS NULL 
            OR r.supplier.id = :supplierId
        ) 
        AND (
            :altierId IS NULL 
            OR r.altier.id = :altierId
        ) 
        AND r.receivedDate >= :fromDate 
        AND r.receivedDate <= :toDate 
        AND (
            :search = '' 
            OR LOWER(r.qrCode) LIKE CONCAT('%', :search, '%') 
            OR LOWER(r.supplier.name) LIKE CONCAT('%', :search, '%') 
            OR LOWER(r.altier.libelle) LIKE CONCAT('%', :search, '%') 
            OR LOWER(r.materialType) LIKE CONCAT('%', :search, '%')
        ) 
    order by
        r.receivedDate desc */ select
            r1_0.id,
            r1_0.altier_id,
            r1_0.area_m2,
            r1_0.color_id,
            r1_0.created_at,
            r1_0.created_by,
            r1_0.last_processing_date,
            r1_0.length_m,
            r1_0.length_remaining_m,
            r1_0.material_type,
            r1_0.nb_plis,
            r1_0.qr_code,
            r1_0.received_date,
            r1_0.status,
            r1_0.supplier_id,
            r1_0.thickness_mm,
            r1_0.total_cuts,
            r1_0.total_waste_area_m2,
            r1_0.updated_at,
            r1_0.width_mm,
            r1_0.width_remaining_mm 
        from
            rolls r1_0 
        join
            altier a1_0 
                on a1_0.id=r1_0.altier_id 
        join
            suppliers s1_0 
                on s1_0.id=r1_0.supplier_id 
        where
            r1_0.altier_id in (?, ?) 
            and (
                ? is null 
                or r1_0.status=?
            ) 
            and (
                ? is null 
                or r1_0.material_type=?
            ) 
            and (
                ? is null 
                or r1_0.supplier_id=?
            ) 
            and (
                ? is null 
                or r1_0.altier_id=?
            ) 
            and r1_0.received_date>=? 
            and r1_0.received_date<=? 
            and (
                ?='' 
                or lower(r1_0.qr_code) like ('%'||?||'%') escape '' 
                or lower(s1_0.name) like ('%'||?||'%') escape '' 
                or lower(a1_0.libelle) like ('%'||?||'%') escape '' 
                or lower(r1_0.material_type) like ('%'||?||'%') escape ''
            ) 
        order by
            r1_0.received_date desc 
        offset
            ? rows 
        fetch
            first ? rows only
2026-03-30 08:14:20 [http-nio-8080-exec-5] DEBUG c.a.g.a.c.SupplierController - Fetching all suppliers
2026-03-30 08:14:20 [http-nio-8080-exec-5] DEBUG org.hibernate.SQL - 
    /* SELECT
        s 
    FROM
        Supplier s 
    WHERE
        (
            :search = '' 
            OR LOWER(s.name) LIKE CONCAT('%', :search, '%') 
            OR LOWER(s.country) LIKE CONCAT('%', :search, '%') 
            OR LOWER(s.contactPerson) LIKE CONCAT('%', :search, '%') 
            OR LOWER(s.email) LIKE CONCAT('%', :search, '%') 
            OR LOWER(s.phone) LIKE CONCAT('%', :search, '%')
        ) 
        AND (
            :country = '' 
            OR LOWER(s.country) = :country
        ) 
        AND s.createdAt >= :fromDate 
        AND s.createdAt <= :toDate 
    order by
        s.createdAt desc */ select
            s1_0.id,
            s1_0.contact_person,
            s1_0.country,
            s1_0.created_at,
            s1_0.email,
            s1_0.lead_time_days,
            s1_0.name,
            s1_0.notes,
            s1_0.phone,
            s1_0.updated_at 
        from
            suppliers s1_0 
        where
            (
                ?='' 
                or lower(s1_0.name) like ('%'||?||'%') escape '' 
                or lower(s1_0.country) like ('%'||?||'%') escape '' 
                or lower(s1_0.contact_person) like ('%'||?||'%') escape '' 
                or lower(s1_0.email) like ('%'||?||'%') escape '' 
                or lower(s1_0.phone) like ('%'||?||'%') escape ''
            ) 
            and (
                ?='' 
                or lower(s1_0.country)=?
            ) 
            and s1_0.created_at>=? 
            and s1_0.created_at<=? 
        order by
            s1_0.created_at desc 
        offset
            ? rows 
        fetch
            first ? rows only
2026-03-30 08:14:20 [http-nio-8080-exec-1] DEBUG org.hibernate.SQL - 
    select
        a1_0.id,
        a1_0.adresse,
        a1_0.created_at,
        a1_0.libelle,
        a1_0.updated_at 
    from
        altier a1_0 
    where
        a1_0.id=?
2026-03-30 08:14:20 [http-nio-8080-exec-1] DEBUG org.hibernate.SQL - 
    select
        c1_0.id,
        c1_0.created_at,
        c1_0.hex_code,
        c1_0.is_active,
        c1_0.name,
        c1_0.updated_at 
    from
        colors c1_0 
    where
        c1_0.id=?
2026-03-30 08:14:20 [http-nio-8080-exec-1] DEBUG org.hibernate.SQL - 
    select
        s1_0.id,
        s1_0.contact_person,
        s1_0.country,
        s1_0.created_at,
        s1_0.email,
        s1_0.lead_time_days,
        s1_0.name,
        s1_0.notes,
        s1_0.phone,
        s1_0.updated_at 
    from
        suppliers s1_0 
    where
        s1_0.id=?
2026-03-30 08:14:20 [http-nio-8080-exec-1] DEBUG org.hibernate.SQL - 
    select
        c1_0.id,
        c1_0.created_at,
        c1_0.hex_code,
        c1_0.is_active,
        c1_0.name,
        c1_0.updated_at 
    from
        colors c1_0 
    where
        c1_0.id=?
2026-03-30 08:14:20 [http-nio-8080-exec-1] DEBUG org.hibernate.SQL - 
    select
        s1_0.id,
        s1_0.contact_person,
        s1_0.country,
        s1_0.created_at,
        s1_0.email,
        s1_0.lead_time_days,
        s1_0.name,
        s1_0.notes,
        s1_0.phone,
        s1_0.updated_at 
    from
        suppliers s1_0 
    where
        s1_0.id=?
2026-03-30 08:14:20 [http-nio-8080-exec-1] DEBUG org.hibernate.SQL - 
    /* SELECT
        count(r) 
    FROM
        Roll r 
    WHERE
        r.altier.id IN (:altierIds) 
        AND (
            :status IS NULL 
            OR r.status = :status
        ) 
        AND (
            :materialType IS NULL 
            OR r.materialType = :materialType
        ) 
        AND (
            :supplierId IS NULL 
            OR r.supplier.id = :supplierId
        ) 
        AND (
            :altierId IS NULL 
            OR r.altier.id = :altierId
        ) 
        AND r.receivedDate >= :fromDate 
        AND r.receivedDate <= :toDate 
        AND (
            :search = '' 
            OR LOWER(r.qrCode) LIKE CONCAT('%', :search, '%') 
            OR LOWER(r.supplier.name) LIKE CONCAT('%', :search, '%') 
            OR LOWER(r.altier.libelle) LIKE CONCAT('%', :search, '%') 
            OR LOWER(r.materialType) LIKE CONCAT('%', :search, '%')
        ) */ select
            count(r1_0.id) 
        from
            rolls r1_0 
        join
            altier a1_0 
                on a1_0.id=r1_0.altier_id 
        join
            suppliers s1_0 
                on s1_0.id=r1_0.supplier_id 
        where
            r1_0.altier_id in (?, ?) 
            and (
                ? is null 
                or r1_0.status=?
            ) 
            and (
                ? is null 
                or r1_0.material_type=?
            ) 
            and (
                ? is null 
                or r1_0.supplier_id=?
            ) 
            and (
                ? is null 
                or r1_0.altier_id=?
            ) 
            and r1_0.received_date>=? 
            and r1_0.received_date<=? 
            and (
                ?='' 
                or lower(r1_0.qr_code) like ('%'||?||'%') escape '' 
                or lower(s1_0.name) like ('%'||?||'%') escape '' 
                or lower(a1_0.libelle) like ('%'||?||'%') escape '' 
                or lower(r1_0.material_type) like ('%'||?||'%') escape ''
            )
2026-03-30 08:14:20 [http-nio-8080-exec-7] DEBUG o.s.security.web.FilterChainProxy - Securing GET /api/rolls?page=0&size=20
2026-03-30 08:14:20 [http-nio-8080-exec-7] INFO  c.a.g.s.s.JwtAuthenticationFilter - JWT token validated for user: b4d76213-e99a-43f7-8e60-3f6fcb7f813c (type: java.util.UUID)
2026-03-30 08:14:20 [http-nio-8080-exec-7] DEBUG o.s.security.web.FilterChainProxy - Secured GET /api/rolls?page=0&size=20
2026-03-30 08:14:20 [http-nio-8080-exec-7] DEBUG c.a.g.api.controller.RollController - Fetching rolls for user: b4d76213-e99a-43f7-8e60-3f6fcb7f813c
2026-03-30 08:14:20 [http-nio-8080-exec-7] DEBUG org.hibernate.SQL - 
    select
        u1_0.id,
        u1_0.created_at,
        u1_0.email,
        u1_0.full_name,
        u1_0.is_active,
        u1_0.last_login,
        u1_0.password_hash,
        pa1_0.id,
        pa1_0.adresse,
        pa1_0.created_at,
        pa1_0.libelle,
        pa1_0.updated_at,
        u1_0.role,
        u1_0.updated_at,
        u1_0.username 
    from
        users u1_0 
    left join
        altier pa1_0 
            on pa1_0.id=u1_0.primary_altier_id 
    where
        u1_0.id=?
2026-03-30 08:14:20 [http-nio-8080-exec-7] DEBUG c.a.g.d.u.service.UserAltierService - User b4d76213-e99a-43f7-8e60-3f6fcb7f813c is ADMIN - returning all altiers
2026-03-30 08:14:20 [http-nio-8080-exec-7] DEBUG c.a.g.d.altier.service.AltierService - Fetching all altiers
2026-03-30 08:14:20 [http-nio-8080-exec-7] DEBUG org.hibernate.SQL - 
    /* <criteria> */ select
        a1_0.id,
        a1_0.adresse,
        a1_0.created_at,
        a1_0.libelle,
        a1_0.updated_at 
    from
        altier a1_0
2026-03-30 08:14:20 [http-nio-8080-exec-7] DEBUG org.hibernate.SQL - 
    /* SELECT
        r 
    FROM
        Roll r 
    WHERE
        r.altier.id IN (:altierIds) 
        AND (
            :status IS NULL 
            OR r.status = :status
        ) 
        AND (
            :materialType IS NULL 
            OR r.materialType = :materialType
        ) 
        AND (
            :supplierId IS NULL 
            OR r.supplier.id = :supplierId
        ) 
        AND (
            :altierId IS NULL 
            OR r.altier.id = :altierId
        ) 
        AND r.receivedDate >= :fromDate 
        AND r.receivedDate <= :toDate 
        AND (
            :search = '' 
            OR LOWER(r.qrCode) LIKE CONCAT('%', :search, '%') 
            OR LOWER(r.supplier.name) LIKE CONCAT('%', :search, '%') 
            OR LOWER(r.altier.libelle) LIKE CONCAT('%', :search, '%') 
            OR LOWER(r.materialType) LIKE CONCAT('%', :search, '%')
        ) 
    order by
        r.receivedDate desc */ select
            r1_0.id,
            r1_0.altier_id,
            r1_0.area_m2,
            r1_0.color_id,
            r1_0.created_at,
            r1_0.created_by,
            r1_0.last_processing_date,
            r1_0.length_m,
            r1_0.length_remaining_m,
            r1_0.material_type,
            r1_0.nb_plis,
            r1_0.qr_code,
            r1_0.received_date,
            r1_0.status,
            r1_0.supplier_id,
            r1_0.thickness_mm,
            r1_0.total_cuts,
            r1_0.total_waste_area_m2,
            r1_0.updated_at,
            r1_0.width_mm,
            r1_0.width_remaining_mm 
        from
            rolls r1_0 
        join
            altier a1_0 
                on a1_0.id=r1_0.altier_id 
        join
            suppliers s1_0 
                on s1_0.id=r1_0.supplier_id 
        where
            r1_0.altier_id in (?, ?) 
            and (
                ? is null 
                or r1_0.status=?
            ) 
            and (
                ? is null 
                or r1_0.material_type=?
            ) 
            and (
                ? is null 
                or r1_0.supplier_id=?
            ) 
            and (
                ? is null 
                or r1_0.altier_id=?
            ) 
            and r1_0.received_date>=? 
            and r1_0.received_date<=? 
            and (
                ?='' 
                or lower(r1_0.qr_code) like ('%'||?||'%') escape '' 
                or lower(s1_0.name) like ('%'||?||'%') escape '' 
                or lower(a1_0.libelle) like ('%'||?||'%') escape '' 
                or lower(r1_0.material_type) like ('%'||?||'%') escape ''
            ) 
        order by
            r1_0.received_date desc 
        offset
            ? rows 
        fetch
            first ? rows only
2026-03-30 08:14:20 [http-nio-8080-exec-7] DEBUG org.hibernate.SQL - 
    select
        a1_0.id,
        a1_0.adresse,
        a1_0.created_at,
        a1_0.libelle,
        a1_0.updated_at 
    from
        altier a1_0 
    where
        a1_0.id=?
2026-03-30 08:14:20 [http-nio-8080-exec-7] DEBUG org.hibernate.SQL - 
    select
        c1_0.id,
        c1_0.created_at,
        c1_0.hex_code,
        c1_0.is_active,
        c1_0.name,
        c1_0.updated_at 
    from
        colors c1_0 
    where
        c1_0.id=?
2026-03-30 08:14:20 [http-nio-8080-exec-7] DEBUG org.hibernate.SQL - 
    select
        s1_0.id,
        s1_0.contact_person,
        s1_0.country,
        s1_0.created_at,
        s1_0.email,
        s1_0.lead_time_days,
        s1_0.name,
        s1_0.notes,
        s1_0.phone,
        s1_0.updated_at 
    from
        suppliers s1_0 
    where
        s1_0.id=?
2026-03-30 08:14:20 [http-nio-8080-exec-7] DEBUG org.hibernate.SQL - 
    select
        c1_0.id,
        c1_0.created_at,
        c1_0.hex_code,
        c1_0.is_active,
        c1_0.name,
        c1_0.updated_at 
    from
        colors c1_0 
    where
        c1_0.id=?
2026-03-30 08:14:20 [http-nio-8080-exec-7] DEBUG org.hibernate.SQL - 
    select
        s1_0.id,
        s1_0.contact_person,
        s1_0.country,
        s1_0.created_at,
        s1_0.email,
        s1_0.lead_time_days,
        s1_0.name,
        s1_0.notes,
        s1_0.phone,
        s1_0.updated_at 
    from
        suppliers s1_0 
    where
        s1_0.id=?
2026-03-30 08:14:20 [http-nio-8080-exec-7] DEBUG org.hibernate.SQL - 
    /* SELECT
        count(r) 
    FROM
        Roll r 
    WHERE
        r.altier.id IN (:altierIds) 
        AND (
            :status IS NULL 
            OR r.status = :status
        ) 
        AND (
            :materialType IS NULL 
            OR r.materialType = :materialType
        ) 
        AND (
            :supplierId IS NULL 
            OR r.supplier.id = :supplierId
        ) 
        AND (
            :altierId IS NULL 
            OR r.altier.id = :altierId
        ) 
        AND r.receivedDate >= :fromDate 
        AND r.receivedDate <= :toDate 
        AND (
            :search = '' 
            OR LOWER(r.qrCode) LIKE CONCAT('%', :search, '%') 
            OR LOWER(r.supplier.name) LIKE CONCAT('%', :search, '%') 
            OR LOWER(r.altier.libelle) LIKE CONCAT('%', :search, '%') 
            OR LOWER(r.materialType) LIKE CONCAT('%', :search, '%')
        ) */ select
            count(r1_0.id) 
        from
            rolls r1_0 
        join
            altier a1_0 
                on a1_0.id=r1_0.altier_id 
        join
            suppliers s1_0 
                on s1_0.id=r1_0.supplier_id 
        where
            r1_0.altier_id in (?, ?) 
            and (
                ? is null 
                or r1_0.status=?
            ) 
            and (
                ? is null 
                or r1_0.material_type=?
            ) 
            and (
                ? is null 
                or r1_0.supplier_id=?
            ) 
            and (
                ? is null 
                or r1_0.altier_id=?
            ) 
            and r1_0.received_date>=? 
            and r1_0.received_date<=? 
            and (
                ?='' 
                or lower(r1_0.qr_code) like ('%'||?||'%') escape '' 
                or lower(s1_0.name) like ('%'||?||'%') escape '' 
                or lower(a1_0.libelle) like ('%'||?||'%') escape '' 
                or lower(r1_0.material_type) like ('%'||?||'%') escape ''
            )
2026-03-30 11:38:00 [HikariPool-1 housekeeper] WARN  com.zaxxer.hikari.pool.HikariPool - HikariPool-1 - Thread starvation or clock leap detected (housekeeper delta=23m25s324ms529µs).
