2026-04-03 09:08:48 [http-nio-8080-exec-10] DEBUG o.s.security.web.FilterChainProxy - Securing OPTIONS /api/commandes/77fc1687-0b88-42de-84f8-063bbcdebb36
2026-04-03 09:08:48 [http-nio-8080-exec-9] DEBUG o.s.security.web.FilterChainProxy - Securing OPTIONS /api/commandes/77fc1687-0b88-42de-84f8-063bbcdebb36
2026-04-03 09:08:48 [http-nio-8080-exec-1] DEBUG o.s.security.web.FilterChainProxy - Securing GET /api/commandes/77fc1687-0b88-42de-84f8-063bbcdebb36
2026-04-03 09:08:48 [http-nio-8080-exec-1] INFO  c.a.g.s.s.JwtAuthenticationFilter - JWT token validated for user: 1d21df26-12cd-4b93-aab8-dbae0ea35c17 (type: java.util.UUID)
2026-04-03 09:08:48 [http-nio-8080-exec-1] DEBUG o.s.security.web.FilterChainProxy - Secured GET /api/commandes/77fc1687-0b88-42de-84f8-063bbcdebb36
2026-04-03 09:08:48 [http-nio-8080-exec-1] INFO  c.a.g.d.c.a.c.CommandeController - GET /api/commandes/77fc1687-0b88-42de-84f8-063bbcdebb36 - Fetch order
2026-04-03 09:08:48 [http-nio-8080-exec-1] INFO  c.a.g.d.c.service.CommandeService - Fetching order with ID: 77fc1687-0b88-42de-84f8-063bbcdebb36
2026-04-03 09:08:48 [http-nio-8080-exec-1] DEBUG org.hibernate.SQL - 
    select
        c1_0.id,
        c1_0.client_id,
        c2_0.id,
        c2_0.created_at,
        c2_0.description,
        c2_0.is_active,
        c2_0.name,
        c2_0.updated_at,
        a1_0.client_id,
        a1_0.id,
        a1_0.address_type,
        a1_0.city,
        a1_0.country,
        a1_0.created_at,
        a1_0.is_main,
        a1_0.notes,
        a1_0.postal_code,
        a1_0.street_address,
        a1_0.updated_at,
        c1_0.created_at,
        c1_0.created_by,
        cb1_0.id,
        cb1_0.created_at,
        cb1_0.email,
        cb1_0.full_name,
        cb1_0.is_active,
        cb1_0.last_login,
        cb1_0.password_hash,
        pa1_0.id,
        pa1_0.adresse,
        pa1_0.created_at,
        pa1_0.libelle,
        pa1_0.updated_at,
        cb1_0.role,
        cb1_0.updated_at,
        cb1_0.username,
        c1_0.description,
        c1_0.notes,
        c1_0.numero_commande,
        c1_0.status,
        c1_0.updated_at,
        ub1_0.id,
        ub1_0.created_at,
        ub1_0.email,
        ub1_0.full_name,
        ub1_0.is_active,
        ub1_0.last_login,
        ub1_0.password_hash,
        pa2_0.id,
        pa2_0.adresse,
        pa2_0.created_at,
        pa2_0.libelle,
        pa2_0.updated_at,
        ub1_0.role,
        ub1_0.updated_at,
        ub1_0.username 
    from
        commandes c1_0 
    join
        clients c2_0 
            on c2_0.id=c1_0.client_id 
    left join
        client_addresses a1_0 
            on c2_0.id=a1_0.client_id 
    join
        users cb1_0 
            on cb1_0.id=c1_0.created_by 
    left join
        altier pa1_0 
            on pa1_0.id=cb1_0.primary_altier_id 
    left join
        users ub1_0 
            on ub1_0.id=c1_0.updated_by 
    left join
        altier pa2_0 
            on pa2_0.id=ub1_0.primary_altier_id 
    where
        c1_0.id=?
2026-04-03 09:08:48 [http-nio-8080-exec-1] DEBUG org.hibernate.SQL - 
    select
        i1_0.commande_id,
        i1_0.id,
        i1_0.created_at,
        i1_0.largeur_mm,
        i1_0.last_roll_used_id,
        i1_0.line_number,
        i1_0.longueur_m,
        i1_0.longueur_tolerance_m,
        i1_0.material_type,
        i1_0.nb_plis,
        i1_0.observations,
        i1_0.processing_date,
        i1_0.quantite,
        i1_0.status,
        i1_0.surface_consommee_m2,
        i1_0.thickness_mm,
        i1_0.type_mouvement,
        i1_0.updated_at,
        i1_0.waste_created_m2 
    from
        commande_items i1_0 
    where
        i1_0.commande_id=?
2026-04-03 09:08:48 [http-nio-8080-exec-1] DEBUG org.hibernate.SQL - 
    select
        r1_0.client_id,
        r1_0.id,
        r1_0.created_at,
        r1_0.email,
        r1_0.is_primary,
        r1_0.name,
        r1_0.notes,
        r1_0.phone,
        r1_0.position,
        r1_0.updated_at 
    from
        client_representatives r1_0 
    where
        r1_0.client_id=?
2026-04-03 09:08:48 [http-nio-8080-exec-1] DEBUG org.hibernate.SQL - 
    select
        p1_0.client_id,
        p1_0.id,
        p1_0.created_at,
        p1_0.is_main,
        p1_0.notes,
        p1_0.phone_number,
        p1_0.phone_type,
        p1_0.updated_at 
    from
        client_phones p1_0 
    where
        p1_0.client_id=?
2026-04-03 09:08:48 [http-nio-8080-exec-1] DEBUG org.hibernate.SQL - 
    select
        e1_0.client_id,
        e1_0.id,
        e1_0.created_at,
        e1_0.email_address,
        e1_0.email_type,
        e1_0.is_main,
        e1_0.notes,
        e1_0.updated_at 
    from
        client_emails e1_0 
    where
        e1_0.client_id=?
2026-04-03 09:08:48 [http-nio-8080-exec-3] DEBUG o.s.security.web.FilterChainProxy - Securing GET /api/commandes/77fc1687-0b88-42de-84f8-063bbcdebb36
2026-04-03 09:08:48 [http-nio-8080-exec-3] INFO  c.a.g.s.s.JwtAuthenticationFilter - JWT token validated for user: 1d21df26-12cd-4b93-aab8-dbae0ea35c17 (type: java.util.UUID)
2026-04-03 09:08:48 [http-nio-8080-exec-3] DEBUG o.s.security.web.FilterChainProxy - Secured GET /api/commandes/77fc1687-0b88-42de-84f8-063bbcdebb36
2026-04-03 09:08:48 [http-nio-8080-exec-3] INFO  c.a.g.d.c.a.c.CommandeController - GET /api/commandes/77fc1687-0b88-42de-84f8-063bbcdebb36 - Fetch order
2026-04-03 09:08:48 [http-nio-8080-exec-3] INFO  c.a.g.d.c.service.CommandeService - Fetching order with ID: 77fc1687-0b88-42de-84f8-063bbcdebb36
2026-04-03 09:08:48 [http-nio-8080-exec-3] DEBUG org.hibernate.SQL - 
    select
        c1_0.id,
        c1_0.client_id,
        c2_0.id,
        c2_0.created_at,
        c2_0.description,
        c2_0.is_active,
        c2_0.name,
        c2_0.updated_at,
        a1_0.client_id,
        a1_0.id,
        a1_0.address_type,
        a1_0.city,
        a1_0.country,
        a1_0.created_at,
        a1_0.is_main,
        a1_0.notes,
        a1_0.postal_code,
        a1_0.street_address,
        a1_0.updated_at,
        c1_0.created_at,
        c1_0.created_by,
        cb1_0.id,
        cb1_0.created_at,
        cb1_0.email,
        cb1_0.full_name,
        cb1_0.is_active,
        cb1_0.last_login,
        cb1_0.password_hash,
        pa1_0.id,
        pa1_0.adresse,
        pa1_0.created_at,
        pa1_0.libelle,
        pa1_0.updated_at,
        cb1_0.role,
        cb1_0.updated_at,
        cb1_0.username,
        c1_0.description,
        c1_0.notes,
        c1_0.numero_commande,
        c1_0.status,
        c1_0.updated_at,
        ub1_0.id,
        ub1_0.created_at,
        ub1_0.email,
        ub1_0.full_name,
        ub1_0.is_active,
        ub1_0.last_login,
        ub1_0.password_hash,
        pa2_0.id,
        pa2_0.adresse,
        pa2_0.created_at,
        pa2_0.libelle,
        pa2_0.updated_at,
        ub1_0.role,
        ub1_0.updated_at,
        ub1_0.username 
    from
        commandes c1_0 
    join
        clients c2_0 
            on c2_0.id=c1_0.client_id 
    left join
        client_addresses a1_0 
            on c2_0.id=a1_0.client_id 
    join
        users cb1_0 
            on cb1_0.id=c1_0.created_by 
    left join
        altier pa1_0 
            on pa1_0.id=cb1_0.primary_altier_id 
    left join
        users ub1_0 
            on ub1_0.id=c1_0.updated_by 
    left join
        altier pa2_0 
            on pa2_0.id=ub1_0.primary_altier_id 
    where
        c1_0.id=?
2026-04-03 09:08:48 [http-nio-8080-exec-3] DEBUG org.hibernate.SQL - 
    select
        i1_0.commande_id,
        i1_0.id,
        i1_0.created_at,
        i1_0.largeur_mm,
        i1_0.last_roll_used_id,
        i1_0.line_number,
        i1_0.longueur_m,
        i1_0.longueur_tolerance_m,
        i1_0.material_type,
        i1_0.nb_plis,
        i1_0.observations,
        i1_0.processing_date,
        i1_0.quantite,
        i1_0.status,
        i1_0.surface_consommee_m2,
        i1_0.thickness_mm,
        i1_0.type_mouvement,
        i1_0.updated_at,
        i1_0.waste_created_m2 
    from
        commande_items i1_0 
    where
        i1_0.commande_id=?
2026-04-03 09:08:48 [http-nio-8080-exec-3] DEBUG org.hibernate.SQL - 
    select
        r1_0.client_id,
        r1_0.id,
        r1_0.created_at,
        r1_0.email,
        r1_0.is_primary,
        r1_0.name,
        r1_0.notes,
        r1_0.phone,
        r1_0.position,
        r1_0.updated_at 
    from
        client_representatives r1_0 
    where
        r1_0.client_id=?
2026-04-03 09:08:48 [http-nio-8080-exec-3] DEBUG org.hibernate.SQL - 
    select
        p1_0.client_id,
        p1_0.id,
        p1_0.created_at,
        p1_0.is_main,
        p1_0.notes,
        p1_0.phone_number,
        p1_0.phone_type,
        p1_0.updated_at 
    from
        client_phones p1_0 
    where
        p1_0.client_id=?
2026-04-03 09:08:48 [http-nio-8080-exec-3] DEBUG org.hibernate.SQL - 
    select
        e1_0.client_id,
        e1_0.id,
        e1_0.created_at,
        e1_0.email_address,
        e1_0.email_type,
        e1_0.is_main,
        e1_0.notes,
        e1_0.updated_at 
    from
        client_emails e1_0 
    where
        e1_0.client_id=?
2026-04-03 09:08:49 [http-nio-8080-exec-4] DEBUG o.s.security.web.FilterChainProxy - Securing OPTIONS /api/rolls
2026-04-03 09:08:49 [http-nio-8080-exec-2] DEBUG o.s.security.web.FilterChainProxy - Securing OPTIONS /api/rolls
2026-04-03 09:08:49 [http-nio-8080-exec-6] DEBUG o.s.security.web.FilterChainProxy - Securing GET /api/rolls
2026-04-03 09:08:49 [http-nio-8080-exec-6] INFO  c.a.g.s.s.JwtAuthenticationFilter - JWT token validated for user: 1d21df26-12cd-4b93-aab8-dbae0ea35c17 (type: java.util.UUID)
2026-04-03 09:08:49 [http-nio-8080-exec-6] DEBUG o.s.security.web.FilterChainProxy - Secured GET /api/rolls
2026-04-03 09:08:49 [http-nio-8080-exec-6] DEBUG c.a.g.api.controller.RollController - Fetching rolls for user: 1d21df26-12cd-4b93-aab8-dbae0ea35c17
2026-04-03 09:08:49 [http-nio-8080-exec-6] DEBUG org.hibernate.SQL - 
    select
        u1_0.id,
        u1_0.created_at,
        u1_0.email,
        u1_0.full_name,
        u1_0.is_active,
        u1_0.last_login,
        u1_0.password_hash,
        pa1_0.id,
        pa1_0.adresse,
        pa1_0.created_at,
        pa1_0.libelle,
        pa1_0.updated_at,
        u1_0.role,
        u1_0.updated_at,
        u1_0.username 
    from
        users u1_0 
    left join
        altier pa1_0 
            on pa1_0.id=u1_0.primary_altier_id 
    where
        u1_0.id=?
2026-04-03 09:08:49 [http-nio-8080-exec-6] DEBUG c.a.g.d.u.service.UserAltierService - User 1d21df26-12cd-4b93-aab8-dbae0ea35c17 is ADMIN - returning all altiers
2026-04-03 09:08:49 [http-nio-8080-exec-6] DEBUG c.a.g.d.altier.service.AltierService - Fetching all altiers
2026-04-03 09:08:49 [http-nio-8080-exec-6] DEBUG org.hibernate.SQL - 
    /* <criteria> */ select
        a1_0.id,
        a1_0.adresse,
        a1_0.created_at,
        a1_0.libelle,
        a1_0.updated_at 
    from
        altier a1_0
2026-04-03 09:08:49 [http-nio-8080-exec-6] DEBUG org.hibernate.SQL - 
    /* SELECT
        r 
    FROM
        Roll r 
    WHERE
        r.altier.id IN (:altierIds) 
        AND (
            :status IS NULL 
            OR r.status = :status
        ) 
        AND (
            :materialType IS NULL 
            OR r.materialType = :materialType
        ) 
        AND (
            :supplierId IS NULL 
            OR r.supplier.id = :supplierId
        ) 
        AND (
            :altierId IS NULL 
            OR r.altier.id = :altierId
        ) 
        AND r.receivedDate >= :fromDate 
        AND r.receivedDate <= :toDate 
        AND (
            :search = '' 
            OR LOWER(r.qrCode) LIKE CONCAT('%', :search, '%') 
            OR LOWER(r.supplier.name) LIKE CONCAT('%', :search, '%') 
            OR LOWER(r.altier.libelle) LIKE CONCAT('%', :search, '%') 
            OR LOWER(r.materialType) LIKE CONCAT('%', :search, '%') 
            OR LOWER(r.reference) LIKE CONCAT('%', :search, '%')
        ) 
    order by
        r.receivedDate desc */ select
            r1_0.id,
            r1_0.altier_id,
            r1_0.area_m2,
            r1_0.color_id,
            r1_0.created_at,
            r1_0.created_by,
            r1_0.last_processing_date,
            r1_0.length_m,
            r1_0.length_remaining_m,
            r1_0.material_type,
            r1_0.nb_plis,
            r1_0.qr_code,
            r1_0.received_date,
            r1_0.reference,
            r1_0.status,
            r1_0.supplier_id,
            r1_0.thickness_mm,
            r1_0.total_cuts,
            r1_0.total_waste_area_m2,
            r1_0.updated_at,
            r1_0.width_mm,
            r1_0.width_remaining_mm 
        from
            rolls r1_0 
        join
            altier a1_0 
                on a1_0.id=r1_0.altier_id 
        join
            suppliers s1_0 
                on s1_0.id=r1_0.supplier_id 
        where
            r1_0.altier_id in (?, ?) 
            and (
                ? is null 
                or r1_0.status=?
            ) 
            and (
                ? is null 
                or r1_0.material_type=?
            ) 
            and (
                ? is null 
                or r1_0.supplier_id=?
            ) 
            and (
                ? is null 
                or r1_0.altier_id=?
            ) 
            and r1_0.received_date>=? 
            and r1_0.received_date<=? 
            and (
                ?='' 
                or lower(r1_0.qr_code) like ('%'||?||'%') escape '' 
                or lower(s1_0.name) like ('%'||?||'%') escape '' 
                or lower(a1_0.libelle) like ('%'||?||'%') escape '' 
                or lower(r1_0.material_type) like ('%'||?||'%') escape '' 
                or lower(r1_0.reference) like ('%'||?||'%') escape ''
            ) 
        order by
            r1_0.received_date desc 
        offset
            ? rows 
        fetch
            first ? rows only
2026-04-03 09:08:49 [http-nio-8080-exec-6] DEBUG org.hibernate.SQL - 
    select
        a1_0.id,
        a1_0.adresse,
        a1_0.created_at,
        a1_0.libelle,
        a1_0.updated_at 
    from
        altier a1_0 
    where
        a1_0.id=?
2026-04-03 09:08:49 [http-nio-8080-exec-6] DEBUG org.hibernate.SQL - 
    select
        c1_0.id,
        c1_0.created_at,
        c1_0.hex_code,
        c1_0.is_active,
        c1_0.name,
        c1_0.updated_at 
    from
        colors c1_0 
    where
        c1_0.id=?
2026-04-03 09:08:49 [http-nio-8080-exec-6] DEBUG org.hibernate.SQL - 
    select
        s1_0.id,
        s1_0.contact_person,
        s1_0.country,
        s1_0.created_at,
        s1_0.email,
        s1_0.lead_time_days,
        s1_0.name,
        s1_0.notes,
        s1_0.phone,
        s1_0.updated_at 
    from
        suppliers s1_0 
    where
        s1_0.id=?
2026-04-03 09:08:49 [http-nio-8080-exec-6] DEBUG org.hibernate.SQL - 
    select
        s1_0.id,
        s1_0.contact_person,
        s1_0.country,
        s1_0.created_at,
        s1_0.email,
        s1_0.lead_time_days,
        s1_0.name,
        s1_0.notes,
        s1_0.phone,
        s1_0.updated_at 
    from
        suppliers s1_0 
    where
        s1_0.id=?
2026-04-03 09:08:49 [http-nio-8080-exec-6] DEBUG org.hibernate.SQL - 
    select
        s1_0.id,
        s1_0.contact_person,
        s1_0.country,
        s1_0.created_at,
        s1_0.email,
        s1_0.lead_time_days,
        s1_0.name,
        s1_0.notes,
        s1_0.phone,
        s1_0.updated_at 
    from
        suppliers s1_0 
    where
        s1_0.id=?
2026-04-03 09:08:49 [http-nio-8080-exec-6] DEBUG org.hibernate.SQL - 
    select
        c1_0.id,
        c1_0.created_at,
        c1_0.hex_code,
        c1_0.is_active,
        c1_0.name,
        c1_0.updated_at 
    from
        colors c1_0 
    where
        c1_0.id=?
2026-04-03 09:08:49 [http-nio-8080-exec-5] DEBUG o.s.security.web.FilterChainProxy - Securing GET /api/rolls
2026-04-03 09:08:49 [http-nio-8080-exec-5] INFO  c.a.g.s.s.JwtAuthenticationFilter - JWT token validated for user: 1d21df26-12cd-4b93-aab8-dbae0ea35c17 (type: java.util.UUID)
2026-04-03 09:08:49 [http-nio-8080-exec-5] DEBUG o.s.security.web.FilterChainProxy - Secured GET /api/rolls
2026-04-03 09:08:49 [http-nio-8080-exec-5] DEBUG c.a.g.api.controller.RollController - Fetching rolls for user: 1d21df26-12cd-4b93-aab8-dbae0ea35c17
2026-04-03 09:08:49 [http-nio-8080-exec-5] DEBUG org.hibernate.SQL - 
    select
        u1_0.id,
        u1_0.created_at,
        u1_0.email,
        u1_0.full_name,
        u1_0.is_active,
        u1_0.last_login,
        u1_0.password_hash,
        pa1_0.id,
        pa1_0.adresse,
        pa1_0.created_at,
        pa1_0.libelle,
        pa1_0.updated_at,
        u1_0.role,
        u1_0.updated_at,
        u1_0.username 
    from
        users u1_0 
    left join
        altier pa1_0 
            on pa1_0.id=u1_0.primary_altier_id 
    where
        u1_0.id=?
2026-04-03 09:08:49 [http-nio-8080-exec-5] DEBUG c.a.g.d.u.service.UserAltierService - User 1d21df26-12cd-4b93-aab8-dbae0ea35c17 is ADMIN - returning all altiers
2026-04-03 09:08:49 [http-nio-8080-exec-5] DEBUG c.a.g.d.altier.service.AltierService - Fetching all altiers
2026-04-03 09:08:49 [http-nio-8080-exec-5] DEBUG org.hibernate.SQL - 
    /* <criteria> */ select
        a1_0.id,
        a1_0.adresse,
        a1_0.created_at,
        a1_0.libelle,
        a1_0.updated_at 
    from
        altier a1_0
2026-04-03 09:08:49 [http-nio-8080-exec-5] DEBUG org.hibernate.SQL - 
    /* SELECT
        r 
    FROM
        Roll r 
    WHERE
        r.altier.id IN (:altierIds) 
        AND (
            :status IS NULL 
            OR r.status = :status
        ) 
        AND (
            :materialType IS NULL 
            OR r.materialType = :materialType
        ) 
        AND (
            :supplierId IS NULL 
            OR r.supplier.id = :supplierId
        ) 
        AND (
            :altierId IS NULL 
            OR r.altier.id = :altierId
        ) 
        AND r.receivedDate >= :fromDate 
        AND r.receivedDate <= :toDate 
        AND (
            :search = '' 
            OR LOWER(r.qrCode) LIKE CONCAT('%', :search, '%') 
            OR LOWER(r.supplier.name) LIKE CONCAT('%', :search, '%') 
            OR LOWER(r.altier.libelle) LIKE CONCAT('%', :search, '%') 
            OR LOWER(r.materialType) LIKE CONCAT('%', :search, '%') 
            OR LOWER(r.reference) LIKE CONCAT('%', :search, '%')
        ) 
    order by
        r.receivedDate desc */ select
            r1_0.id,
            r1_0.altier_id,
            r1_0.area_m2,
            r1_0.color_id,
            r1_0.created_at,
            r1_0.created_by,
            r1_0.last_processing_date,
            r1_0.length_m,
            r1_0.length_remaining_m,
            r1_0.material_type,
            r1_0.nb_plis,
            r1_0.qr_code,
            r1_0.received_date,
            r1_0.reference,
            r1_0.status,
            r1_0.supplier_id,
            r1_0.thickness_mm,
            r1_0.total_cuts,
            r1_0.total_waste_area_m2,
            r1_0.updated_at,
            r1_0.width_mm,
            r1_0.width_remaining_mm 
        from
            rolls r1_0 
        join
            altier a1_0 
                on a1_0.id=r1_0.altier_id 
        join
            suppliers s1_0 
                on s1_0.id=r1_0.supplier_id 
        where
            r1_0.altier_id in (?, ?) 
            and (
                ? is null 
                or r1_0.status=?
            ) 
            and (
                ? is null 
                or r1_0.material_type=?
            ) 
            and (
                ? is null 
                or r1_0.supplier_id=?
            ) 
            and (
                ? is null 
                or r1_0.altier_id=?
            ) 
            and r1_0.received_date>=? 
            and r1_0.received_date<=? 
            and (
                ?='' 
                or lower(r1_0.qr_code) like ('%'||?||'%') escape '' 
                or lower(s1_0.name) like ('%'||?||'%') escape '' 
                or lower(a1_0.libelle) like ('%'||?||'%') escape '' 
                or lower(r1_0.material_type) like ('%'||?||'%') escape '' 
                or lower(r1_0.reference) like ('%'||?||'%') escape ''
            ) 
        order by
            r1_0.received_date desc 
        offset
            ? rows 
        fetch
            first ? rows only
2026-04-03 09:08:49 [http-nio-8080-exec-5] DEBUG org.hibernate.SQL - 
    select
        a1_0.id,
        a1_0.adresse,
        a1_0.created_at,
        a1_0.libelle,
        a1_0.updated_at 
    from
        altier a1_0 
    where
        a1_0.id=?
2026-04-03 09:08:49 [http-nio-8080-exec-5] DEBUG org.hibernate.SQL - 
    select
        c1_0.id,
        c1_0.created_at,
        c1_0.hex_code,
        c1_0.is_active,
        c1_0.name,
        c1_0.updated_at 
    from
        colors c1_0 
    where
        c1_0.id=?
2026-04-03 09:08:49 [http-nio-8080-exec-5] DEBUG org.hibernate.SQL - 
    select
        s1_0.id,
        s1_0.contact_person,
        s1_0.country,
        s1_0.created_at,
        s1_0.email,
        s1_0.lead_time_days,
        s1_0.name,
        s1_0.notes,
        s1_0.phone,
        s1_0.updated_at 
    from
        suppliers s1_0 
    where
        s1_0.id=?
2026-04-03 09:08:49 [http-nio-8080-exec-5] DEBUG org.hibernate.SQL - 
    select
        s1_0.id,
        s1_0.contact_person,
        s1_0.country,
        s1_0.created_at,
        s1_0.email,
        s1_0.lead_time_days,
        s1_0.name,
        s1_0.notes,
        s1_0.phone,
        s1_0.updated_at 
    from
        suppliers s1_0 
    where
        s1_0.id=?
2026-04-03 09:08:49 [http-nio-8080-exec-5] DEBUG org.hibernate.SQL - 
    select
        s1_0.id,
        s1_0.contact_person,
        s1_0.country,
        s1_0.created_at,
        s1_0.email,
        s1_0.lead_time_days,
        s1_0.name,
        s1_0.notes,
        s1_0.phone,
        s1_0.updated_at 
    from
        suppliers s1_0 
    where
        s1_0.id=?
2026-04-03 09:08:49 [http-nio-8080-exec-5] DEBUG org.hibernate.SQL - 
    select
        c1_0.id,
        c1_0.created_at,
        c1_0.hex_code,
        c1_0.is_active,
        c1_0.name,
        c1_0.updated_at 
    from
        colors c1_0 
    where
        c1_0.id=?
2026-04-03 09:09:02 [HikariPool-1 housekeeper] WARN  com.zaxxer.hikari.pool.HikariPool - HikariPool-1 - Thread starvation or clock leap detected (housekeeper delta=10h24m1s102ms164µs900ns).
2026-04-03 09:09:06 [http-nio-8080-exec-9] DEBUG o.s.security.web.FilterChainProxy - Securing OPTIONS /api/commandes
2026-04-03 09:09:06 [http-nio-8080-exec-10] DEBUG o.s.security.web.FilterChainProxy - Securing OPTIONS /api/clients
2026-04-03 09:09:06 [http-nio-8080-exec-1] DEBUG o.s.security.web.FilterChainProxy - Securing OPTIONS /api/commandes
2026-04-03 09:09:06 [http-nio-8080-exec-3] DEBUG o.s.security.web.FilterChainProxy - Securing OPTIONS /api/clients
2026-04-03 09:09:06 [http-nio-8080-exec-2] DEBUG o.s.security.web.FilterChainProxy - Securing GET /api/commandes
2026-04-03 09:09:06 [http-nio-8080-exec-4] DEBUG o.s.security.web.FilterChainProxy - Securing GET /api/clients
2026-04-03 09:09:06 [http-nio-8080-exec-4] INFO  c.a.g.s.s.JwtAuthenticationFilter - JWT token validated for user: 1d21df26-12cd-4b93-aab8-dbae0ea35c17 (type: java.util.UUID)
2026-04-03 09:09:06 [http-nio-8080-exec-2] INFO  c.a.g.s.s.JwtAuthenticationFilter - JWT token validated for user: 1d21df26-12cd-4b93-aab8-dbae0ea35c17 (type: java.util.UUID)
2026-04-03 09:09:06 [http-nio-8080-exec-4] DEBUG o.s.security.web.FilterChainProxy - Secured GET /api/clients
2026-04-03 09:09:06 [http-nio-8080-exec-2] DEBUG o.s.security.web.FilterChainProxy - Secured GET /api/commandes
2026-04-03 09:09:06 [http-nio-8080-exec-2] INFO  c.a.g.d.c.a.c.CommandeController - GET /api/commandes - Fetch all orders
2026-04-03 09:09:06 [http-nio-8080-exec-4] INFO  c.a.g.a.controller.ClientController - GET /api/clients - Get all clients
2026-04-03 09:09:06 [http-nio-8080-exec-4] DEBUG org.hibernate.SQL - 
    /* SELECT
        c 
    FROM
        Client c 
    WHERE
        (
            :search = '' 
            OR LOWER(c.name) LIKE CONCAT('%', :search, '%')
        ) 
        AND (
            :isActive IS NULL 
            OR c.isActive = :isActive
        ) 
        AND c.createdAt >= :fromDate 
        AND c.createdAt <= :toDate 
    order by
        c.createdAt desc */ select
            c1_0.id,
            c1_0.created_at,
            c1_0.description,
            c1_0.is_active,
            c1_0.name,
            c1_0.updated_at 
        from
            clients c1_0 
        where
            (
                ?='' 
                or lower(c1_0.name) like ('%'||?||'%') escape ''
            ) 
            and (
                ? is null 
                or c1_0.is_active=?
            ) 
            and c1_0.created_at>=? 
            and c1_0.created_at<=? 
        order by
            c1_0.created_at desc 
        offset
            ? rows 
        fetch
            first ? rows only
2026-04-03 09:09:06 [http-nio-8080-exec-2] DEBUG org.hibernate.SQL - 
    /* SELECT
        c 
    FROM
        Commande c 
    WHERE
        (
            :status IS NULL 
            OR c.status = :status
        ) 
        AND (
            :clientId IS NULL 
            OR c.client.id = :clientId
        ) 
        AND c.createdAt >= :fromDate 
        AND c.createdAt <= :toDate 
        AND (
            :search = '' 
            OR LOWER(c.numeroCommande) LIKE CONCAT('%', :search, '%')
        ) 
    order by
        c.createdAt desc */ select
            c1_0.id,
            c1_0.client_id,
            c1_0.created_at,
            c1_0.created_by,
            c1_0.description,
            c1_0.notes,
            c1_0.numero_commande,
            c1_0.status,
            c1_0.updated_at,
            c1_0.updated_by 
        from
            commandes c1_0 
        where
            (
                ? is null 
                or c1_0.status=?
            ) 
            and (
                ? is null 
                or c1_0.client_id=?
            ) 
            and c1_0.created_at>=? 
            and c1_0.created_at<=? 
            and (
                ?='' 
                or lower(c1_0.numero_commande) like ('%'||?||'%') escape ''
            ) 
        order by
            c1_0.created_at desc 
        offset
            ? rows 
        fetch
            first ? rows only
2026-04-03 09:09:06 [http-nio-8080-exec-4] DEBUG org.hibernate.SQL - 
    select
        r1_0.client_id,
        r1_0.id,
        r1_0.created_at,
        r1_0.email,
        r1_0.is_primary,
        r1_0.name,
        r1_0.notes,
        r1_0.phone,
        r1_0.position,
        r1_0.updated_at 
    from
        client_representatives r1_0 
    where
        r1_0.client_id=?
2026-04-03 09:09:06 [http-nio-8080-exec-2] DEBUG org.hibernate.SQL - 
    select
        c1_0.id,
        c1_0.created_at,
        c1_0.description,
        c1_0.is_active,
        c1_0.name,
        c1_0.updated_at,
        a1_0.client_id,
        a1_0.id,
        a1_0.address_type,
        a1_0.city,
        a1_0.country,
        a1_0.created_at,
        a1_0.is_main,
        a1_0.notes,
        a1_0.postal_code,
        a1_0.street_address,
        a1_0.updated_at 
    from
        clients c1_0 
    left join
        client_addresses a1_0 
            on c1_0.id=a1_0.client_id 
    where
        c1_0.id=?
2026-04-03 09:09:06 [http-nio-8080-exec-4] DEBUG org.hibernate.SQL - 
    select
        p1_0.client_id,
        p1_0.id,
        p1_0.created_at,
        p1_0.is_main,
        p1_0.notes,
        p1_0.phone_number,
        p1_0.phone_type,
        p1_0.updated_at 
    from
        client_phones p1_0 
    where
        p1_0.client_id=?
2026-04-03 09:09:06 [http-nio-8080-exec-2] DEBUG org.hibernate.SQL - 
    select
        u1_0.id,
        u1_0.created_at,
        u1_0.email,
        u1_0.full_name,
        u1_0.is_active,
        u1_0.last_login,
        u1_0.password_hash,
        pa1_0.id,
        pa1_0.adresse,
        pa1_0.created_at,
        pa1_0.libelle,
        pa1_0.updated_at,
        u1_0.role,
        u1_0.updated_at,
        u1_0.username 
    from
        users u1_0 
    left join
        altier pa1_0 
            on pa1_0.id=u1_0.primary_altier_id 
    where
        u1_0.id=?
2026-04-03 09:09:06 [http-nio-8080-exec-4] DEBUG org.hibernate.SQL - 
    select
        e1_0.client_id,
        e1_0.id,
        e1_0.created_at,
        e1_0.email_address,
        e1_0.email_type,
        e1_0.is_main,
        e1_0.notes,
        e1_0.updated_at 
    from
        client_emails e1_0 
    where
        e1_0.client_id=?
2026-04-03 09:09:06 [http-nio-8080-exec-2] DEBUG org.hibernate.SQL - 
    select
        r1_0.client_id,
        r1_0.id,
        r1_0.created_at,
        r1_0.email,
        r1_0.is_primary,
        r1_0.name,
        r1_0.notes,
        r1_0.phone,
        r1_0.position,
        r1_0.updated_at 
    from
        client_representatives r1_0 
    where
        r1_0.client_id=?
2026-04-03 09:09:06 [http-nio-8080-exec-4] DEBUG org.hibernate.SQL - 
    select
        a1_0.client_id,
        a1_0.id,
        a1_0.address_type,
        a1_0.city,
        a1_0.country,
        a1_0.created_at,
        a1_0.is_main,
        a1_0.notes,
        a1_0.postal_code,
        a1_0.street_address,
        a1_0.updated_at 
    from
        client_addresses a1_0 
    where
        a1_0.client_id=?
2026-04-03 09:09:06 [http-nio-8080-exec-2] DEBUG org.hibernate.SQL - 
    select
        p1_0.client_id,
        p1_0.id,
        p1_0.created_at,
        p1_0.is_main,
        p1_0.notes,
        p1_0.phone_number,
        p1_0.phone_type,
        p1_0.updated_at 
    from
        client_phones p1_0 
    where
        p1_0.client_id=?
2026-04-03 09:09:06 [http-nio-8080-exec-4] DEBUG org.hibernate.SQL - 
    select
        r1_0.client_id,
        r1_0.id,
        r1_0.created_at,
        r1_0.email,
        r1_0.is_primary,
        r1_0.name,
        r1_0.notes,
        r1_0.phone,
        r1_0.position,
        r1_0.updated_at 
    from
        client_representatives r1_0 
    where
        r1_0.client_id=?
2026-04-03 09:09:06 [http-nio-8080-exec-4] DEBUG org.hibernate.SQL - 
    select
        p1_0.client_id,
        p1_0.id,
        p1_0.created_at,
        p1_0.is_main,
        p1_0.notes,
        p1_0.phone_number,
        p1_0.phone_type,
        p1_0.updated_at 
    from
        client_phones p1_0 
    where
        p1_0.client_id=?
2026-04-03 09:09:06 [http-nio-8080-exec-2] DEBUG org.hibernate.SQL - 
    select
        e1_0.client_id,
        e1_0.id,
        e1_0.created_at,
        e1_0.email_address,
        e1_0.email_type,
        e1_0.is_main,
        e1_0.notes,
        e1_0.updated_at 
    from
        client_emails e1_0 
    where
        e1_0.client_id=?
2026-04-03 09:09:06 [http-nio-8080-exec-4] DEBUG org.hibernate.SQL - 
    select
        e1_0.client_id,
        e1_0.id,
        e1_0.created_at,
        e1_0.email_address,
        e1_0.email_type,
        e1_0.is_main,
        e1_0.notes,
        e1_0.updated_at 
    from
        client_emails e1_0 
    where
        e1_0.client_id=?
2026-04-03 09:09:06 [http-nio-8080-exec-2] DEBUG org.hibernate.SQL - 
    select
        i1_0.commande_id,
        i1_0.id,
        i1_0.created_at,
        i1_0.largeur_mm,
        i1_0.last_roll_used_id,
        i1_0.line_number,
        i1_0.longueur_m,
        i1_0.longueur_tolerance_m,
        i1_0.material_type,
        i1_0.nb_plis,
        i1_0.observations,
        i1_0.processing_date,
        i1_0.quantite,
        i1_0.status,
        i1_0.surface_consommee_m2,
        i1_0.thickness_mm,
        i1_0.type_mouvement,
        i1_0.updated_at,
        i1_0.waste_created_m2 
    from
        commande_items i1_0 
    where
        i1_0.commande_id=?
2026-04-03 09:09:06 [http-nio-8080-exec-4] DEBUG org.hibernate.SQL - 
    select
        a1_0.client_id,
        a1_0.id,
        a1_0.address_type,
        a1_0.city,
        a1_0.country,
        a1_0.created_at,
        a1_0.is_main,
        a1_0.notes,
        a1_0.postal_code,
        a1_0.street_address,
        a1_0.updated_at 
    from
        client_addresses a1_0 
    where
        a1_0.client_id=?
2026-04-03 09:09:06 [http-nio-8080-exec-4] DEBUG org.hibernate.SQL - 
    select
        r1_0.client_id,
        r1_0.id,
        r1_0.created_at,
        r1_0.email,
        r1_0.is_primary,
        r1_0.name,
        r1_0.notes,
        r1_0.phone,
        r1_0.position,
        r1_0.updated_at 
    from
        client_representatives r1_0 
    where
        r1_0.client_id=?
2026-04-03 09:09:06 [http-nio-8080-exec-4] DEBUG org.hibernate.SQL - 
    select
        p1_0.client_id,
        p1_0.id,
        p1_0.created_at,
        p1_0.is_main,
        p1_0.notes,
        p1_0.phone_number,
        p1_0.phone_type,
        p1_0.updated_at 
    from
        client_phones p1_0 
    where
        p1_0.client_id=?
2026-04-03 09:09:06 [http-nio-8080-exec-4] DEBUG org.hibernate.SQL - 
    select
        e1_0.client_id,
        e1_0.id,
        e1_0.created_at,
        e1_0.email_address,
        e1_0.email_type,
        e1_0.is_main,
        e1_0.notes,
        e1_0.updated_at 
    from
        client_emails e1_0 
    where
        e1_0.client_id=?
2026-04-03 09:09:06 [http-nio-8080-exec-6] DEBUG o.s.security.web.FilterChainProxy - Securing GET /api/commandes
2026-04-03 09:09:06 [http-nio-8080-exec-4] DEBUG org.hibernate.SQL - 
    select
        a1_0.client_id,
        a1_0.id,
        a1_0.address_type,
        a1_0.city,
        a1_0.country,
        a1_0.created_at,
        a1_0.is_main,
        a1_0.notes,
        a1_0.postal_code,
        a1_0.street_address,
        a1_0.updated_at 
    from
        client_addresses a1_0 
    where
        a1_0.client_id=?
2026-04-03 09:09:06 [http-nio-8080-exec-6] INFO  c.a.g.s.s.JwtAuthenticationFilter - JWT token validated for user: 1d21df26-12cd-4b93-aab8-dbae0ea35c17 (type: java.util.UUID)
2026-04-03 09:09:06 [http-nio-8080-exec-6] DEBUG o.s.security.web.FilterChainProxy - Secured GET /api/commandes
2026-04-03 09:09:06 [http-nio-8080-exec-6] INFO  c.a.g.d.c.a.c.CommandeController - GET /api/commandes - Fetch all orders
2026-04-03 09:09:06 [http-nio-8080-exec-6] DEBUG org.hibernate.SQL - 
    /* SELECT
        c 
    FROM
        Commande c 
    WHERE
        (
            :status IS NULL 
            OR c.status = :status
        ) 
        AND (
            :clientId IS NULL 
            OR c.client.id = :clientId
        ) 
        AND c.createdAt >= :fromDate 
        AND c.createdAt <= :toDate 
        AND (
            :search = '' 
            OR LOWER(c.numeroCommande) LIKE CONCAT('%', :search, '%')
        ) 
    order by
        c.createdAt desc */ select
            c1_0.id,
            c1_0.client_id,
            c1_0.created_at,
            c1_0.created_by,
            c1_0.description,
            c1_0.notes,
            c1_0.numero_commande,
            c1_0.status,
            c1_0.updated_at,
            c1_0.updated_by 
        from
            commandes c1_0 
        where
            (
                ? is null 
                or c1_0.status=?
            ) 
            and (
                ? is null 
                or c1_0.client_id=?
            ) 
            and c1_0.created_at>=? 
            and c1_0.created_at<=? 
            and (
                ?='' 
                or lower(c1_0.numero_commande) like ('%'||?||'%') escape ''
            ) 
        order by
            c1_0.created_at desc 
        offset
            ? rows 
        fetch
            first ? rows only
2026-04-03 09:09:06 [http-nio-8080-exec-6] DEBUG org.hibernate.SQL - 
    select
        c1_0.id,
        c1_0.created_at,
        c1_0.description,
        c1_0.is_active,
        c1_0.name,
        c1_0.updated_at,
        a1_0.client_id,
        a1_0.id,
        a1_0.address_type,
        a1_0.city,
        a1_0.country,
        a1_0.created_at,
        a1_0.is_main,
        a1_0.notes,
        a1_0.postal_code,
        a1_0.street_address,
        a1_0.updated_at 
    from
        clients c1_0 
    left join
        client_addresses a1_0 
            on c1_0.id=a1_0.client_id 
    where
        c1_0.id=?
2026-04-03 09:09:06 [http-nio-8080-exec-6] DEBUG org.hibernate.SQL - 
    select
        u1_0.id,
        u1_0.created_at,
        u1_0.email,
        u1_0.full_name,
        u1_0.is_active,
        u1_0.last_login,
        u1_0.password_hash,
        pa1_0.id,
        pa1_0.adresse,
        pa1_0.created_at,
        pa1_0.libelle,
        pa1_0.updated_at,
        u1_0.role,
        u1_0.updated_at,
        u1_0.username 
    from
        users u1_0 
    left join
        altier pa1_0 
            on pa1_0.id=u1_0.primary_altier_id 
    where
        u1_0.id=?
2026-04-03 09:09:06 [http-nio-8080-exec-5] DEBUG o.s.security.web.FilterChainProxy - Securing GET /api/clients
2026-04-03 09:09:06 [http-nio-8080-exec-6] DEBUG org.hibernate.SQL - 
    select
        r1_0.client_id,
        r1_0.id,
        r1_0.created_at,
        r1_0.email,
        r1_0.is_primary,
        r1_0.name,
        r1_0.notes,
        r1_0.phone,
        r1_0.position,
        r1_0.updated_at 
    from
        client_representatives r1_0 
    where
        r1_0.client_id=?
2026-04-03 09:09:06 [http-nio-8080-exec-6] DEBUG org.hibernate.SQL - 
    select
        p1_0.client_id,
        p1_0.id,
        p1_0.created_at,
        p1_0.is_main,
        p1_0.notes,
        p1_0.phone_number,
        p1_0.phone_type,
        p1_0.updated_at 
    from
        client_phones p1_0 
    where
        p1_0.client_id=?
2026-04-03 09:09:06 [http-nio-8080-exec-5] INFO  c.a.g.s.s.JwtAuthenticationFilter - JWT token validated for user: 1d21df26-12cd-4b93-aab8-dbae0ea35c17 (type: java.util.UUID)
2026-04-03 09:09:06 [http-nio-8080-exec-5] DEBUG o.s.security.web.FilterChainProxy - Secured GET /api/clients
2026-04-03 09:09:06 [http-nio-8080-exec-5] INFO  c.a.g.a.controller.ClientController - GET /api/clients - Get all clients
2026-04-03 09:09:06 [http-nio-8080-exec-6] DEBUG org.hibernate.SQL - 
    select
        e1_0.client_id,
        e1_0.id,
        e1_0.created_at,
        e1_0.email_address,
        e1_0.email_type,
        e1_0.is_main,
        e1_0.notes,
        e1_0.updated_at 
    from
        client_emails e1_0 
    where
        e1_0.client_id=?
2026-04-03 09:09:06 [http-nio-8080-exec-5] DEBUG org.hibernate.SQL - 
    /* SELECT
        c 
    FROM
        Client c 
    WHERE
        (
            :search = '' 
            OR LOWER(c.name) LIKE CONCAT('%', :search, '%')
        ) 
        AND (
            :isActive IS NULL 
            OR c.isActive = :isActive
        ) 
        AND c.createdAt >= :fromDate 
        AND c.createdAt <= :toDate 
    order by
        c.createdAt desc */ select
            c1_0.id,
            c1_0.created_at,
            c1_0.description,
            c1_0.is_active,
            c1_0.name,
            c1_0.updated_at 
        from
            clients c1_0 
        where
            (
                ?='' 
                or lower(c1_0.name) like ('%'||?||'%') escape ''
            ) 
            and (
                ? is null 
                or c1_0.is_active=?
            ) 
            and c1_0.created_at>=? 
            and c1_0.created_at<=? 
        order by
            c1_0.created_at desc 
        offset
            ? rows 
        fetch
            first ? rows only
2026-04-03 09:09:06 [http-nio-8080-exec-6] DEBUG org.hibernate.SQL - 
    select
        i1_0.commande_id,
        i1_0.id,
        i1_0.created_at,
        i1_0.largeur_mm,
        i1_0.last_roll_used_id,
        i1_0.line_number,
        i1_0.longueur_m,
        i1_0.longueur_tolerance_m,
        i1_0.material_type,
        i1_0.nb_plis,
        i1_0.observations,
        i1_0.processing_date,
        i1_0.quantite,
        i1_0.status,
        i1_0.surface_consommee_m2,
        i1_0.thickness_mm,
        i1_0.type_mouvement,
        i1_0.updated_at,
        i1_0.waste_created_m2 
    from
        commande_items i1_0 
    where
        i1_0.commande_id=?
2026-04-03 09:09:06 [http-nio-8080-exec-5] DEBUG org.hibernate.SQL - 
    select
        r1_0.client_id,
        r1_0.id,
        r1_0.created_at,
        r1_0.email,
        r1_0.is_primary,
        r1_0.name,
        r1_0.notes,
        r1_0.phone,
        r1_0.position,
        r1_0.updated_at 
    from
        client_representatives r1_0 
    where
        r1_0.client_id=?
2026-04-03 09:09:06 [http-nio-8080-exec-5] DEBUG org.hibernate.SQL - 
    select
        p1_0.client_id,
        p1_0.id,
        p1_0.created_at,
        p1_0.is_main,
        p1_0.notes,
        p1_0.phone_number,
        p1_0.phone_type,
        p1_0.updated_at 
    from
        client_phones p1_0 
    where
        p1_0.client_id=?
2026-04-03 09:09:06 [http-nio-8080-exec-5] DEBUG org.hibernate.SQL - 
    select
        e1_0.client_id,
        e1_0.id,
        e1_0.created_at,
        e1_0.email_address,
        e1_0.email_type,
        e1_0.is_main,
        e1_0.notes,
        e1_0.updated_at 
    from
        client_emails e1_0 
    where
        e1_0.client_id=?
2026-04-03 09:09:06 [http-nio-8080-exec-5] DEBUG org.hibernate.SQL - 
    select
        a1_0.client_id,
        a1_0.id,
        a1_0.address_type,
        a1_0.city,
        a1_0.country,
        a1_0.created_at,
        a1_0.is_main,
        a1_0.notes,
        a1_0.postal_code,
        a1_0.street_address,
        a1_0.updated_at 
    from
        client_addresses a1_0 
    where
        a1_0.client_id=?
2026-04-03 09:09:06 [http-nio-8080-exec-5] DEBUG org.hibernate.SQL - 
    select
        r1_0.client_id,
        r1_0.id,
        r1_0.created_at,
        r1_0.email,
        r1_0.is_primary,
        r1_0.name,
        r1_0.notes,
        r1_0.phone,
        r1_0.position,
        r1_0.updated_at 
    from
        client_representatives r1_0 
    where
        r1_0.client_id=?
2026-04-03 09:09:06 [http-nio-8080-exec-5] DEBUG org.hibernate.SQL - 
    select
        p1_0.client_id,
        p1_0.id,
        p1_0.created_at,
        p1_0.is_main,
        p1_0.notes,
        p1_0.phone_number,
        p1_0.phone_type,
        p1_0.updated_at 
    from
        client_phones p1_0 
    where
        p1_0.client_id=?
2026-04-03 09:09:06 [http-nio-8080-exec-5] DEBUG org.hibernate.SQL - 
    select
        e1_0.client_id,
        e1_0.id,
        e1_0.created_at,
        e1_0.email_address,
        e1_0.email_type,
        e1_0.is_main,
        e1_0.notes,
        e1_0.updated_at 
    from
        client_emails e1_0 
    where
        e1_0.client_id=?
2026-04-03 09:09:06 [http-nio-8080-exec-5] DEBUG org.hibernate.SQL - 
    select
        a1_0.client_id,
        a1_0.id,
        a1_0.address_type,
        a1_0.city,
        a1_0.country,
        a1_0.created_at,
        a1_0.is_main,
        a1_0.notes,
        a1_0.postal_code,
        a1_0.street_address,
        a1_0.updated_at 
    from
        client_addresses a1_0 
    where
        a1_0.client_id=?
2026-04-03 09:09:06 [http-nio-8080-exec-5] DEBUG org.hibernate.SQL - 
    select
        r1_0.client_id,
        r1_0.id,
        r1_0.created_at,
        r1_0.email,
        r1_0.is_primary,
        r1_0.name,
        r1_0.notes,
        r1_0.phone,
        r1_0.position,
        r1_0.updated_at 
    from
        client_representatives r1_0 
    where
        r1_0.client_id=?
2026-04-03 09:09:06 [http-nio-8080-exec-5] DEBUG org.hibernate.SQL - 
    select
        p1_0.client_id,
        p1_0.id,
        p1_0.created_at,
        p1_0.is_main,
        p1_0.notes,
        p1_0.phone_number,
        p1_0.phone_type,
        p1_0.updated_at 
    from
        client_phones p1_0 
    where
        p1_0.client_id=?
2026-04-03 09:09:06 [http-nio-8080-exec-5] DEBUG org.hibernate.SQL - 
    select
        e1_0.client_id,
        e1_0.id,
        e1_0.created_at,
        e1_0.email_address,
        e1_0.email_type,
        e1_0.is_main,
        e1_0.notes,
        e1_0.updated_at 
    from
        client_emails e1_0 
    where
        e1_0.client_id=?
2026-04-03 09:09:06 [http-nio-8080-exec-5] DEBUG org.hibernate.SQL - 
    select
        a1_0.client_id,
        a1_0.id,
        a1_0.address_type,
        a1_0.city,
        a1_0.country,
        a1_0.created_at,
        a1_0.is_main,
        a1_0.notes,
        a1_0.postal_code,
        a1_0.street_address,
        a1_0.updated_at 
    from
        client_addresses a1_0 
    where
        a1_0.client_id=?
2026-04-03 09:09:07 [http-nio-8080-exec-8] DEBUG o.s.security.web.FilterChainProxy - Securing GET /api/clients
2026-04-03 09:09:07 [http-nio-8080-exec-8] INFO  c.a.g.s.s.JwtAuthenticationFilter - JWT token validated for user: 1d21df26-12cd-4b93-aab8-dbae0ea35c17 (type: java.util.UUID)
2026-04-03 09:09:07 [http-nio-8080-exec-8] DEBUG o.s.security.web.FilterChainProxy - Secured GET /api/clients
2026-04-03 09:09:07 [http-nio-8080-exec-8] INFO  c.a.g.a.controller.ClientController - GET /api/clients - Get all clients
2026-04-03 09:09:07 [http-nio-8080-exec-8] DEBUG org.hibernate.SQL - 
    /* SELECT
        c 
    FROM
        Client c 
    WHERE
        (
            :search = '' 
            OR LOWER(c.name) LIKE CONCAT('%', :search, '%')
        ) 
        AND (
            :isActive IS NULL 
            OR c.isActive = :isActive
        ) 
        AND c.createdAt >= :fromDate 
        AND c.createdAt <= :toDate 
    order by
        c.createdAt desc */ select
            c1_0.id,
            c1_0.created_at,
            c1_0.description,
            c1_0.is_active,
            c1_0.name,
            c1_0.updated_at 
        from
            clients c1_0 
        where
            (
                ?='' 
                or lower(c1_0.name) like ('%'||?||'%') escape ''
            ) 
            and (
                ? is null 
                or c1_0.is_active=?
            ) 
            and c1_0.created_at>=? 
            and c1_0.created_at<=? 
        order by
            c1_0.created_at desc 
        offset
            ? rows 
        fetch
            first ? rows only
2026-04-03 09:09:08 [http-nio-8080-exec-8] DEBUG org.hibernate.SQL - 
    select
        r1_0.client_id,
        r1_0.id,
        r1_0.created_at,
        r1_0.email,
        r1_0.is_primary,
        r1_0.name,
        r1_0.notes,
        r1_0.phone,
        r1_0.position,
        r1_0.updated_at 
    from
        client_representatives r1_0 
    where
        r1_0.client_id=?
2026-04-03 09:09:08 [http-nio-8080-exec-8] DEBUG org.hibernate.SQL - 
    select
        p1_0.client_id,
        p1_0.id,
        p1_0.created_at,
        p1_0.is_main,
        p1_0.notes,
        p1_0.phone_number,
        p1_0.phone_type,
        p1_0.updated_at 
    from
        client_phones p1_0 
    where
        p1_0.client_id=?
2026-04-03 09:09:08 [http-nio-8080-exec-8] DEBUG org.hibernate.SQL - 
    select
        e1_0.client_id,
        e1_0.id,
        e1_0.created_at,
        e1_0.email_address,
        e1_0.email_type,
        e1_0.is_main,
        e1_0.notes,
        e1_0.updated_at 
    from
        client_emails e1_0 
    where
        e1_0.client_id=?
2026-04-03 09:09:08 [http-nio-8080-exec-8] DEBUG org.hibernate.SQL - 
    select
        a1_0.client_id,
        a1_0.id,
        a1_0.address_type,
        a1_0.city,
        a1_0.country,
        a1_0.created_at,
        a1_0.is_main,
        a1_0.notes,
        a1_0.postal_code,
        a1_0.street_address,
        a1_0.updated_at 
    from
        client_addresses a1_0 
    where
        a1_0.client_id=?
2026-04-03 09:09:08 [http-nio-8080-exec-8] DEBUG org.hibernate.SQL - 
    select
        r1_0.client_id,
        r1_0.id,
        r1_0.created_at,
        r1_0.email,
        r1_0.is_primary,
        r1_0.name,
        r1_0.notes,
        r1_0.phone,
        r1_0.position,
        r1_0.updated_at 
    from
        client_representatives r1_0 
    where
        r1_0.client_id=?
2026-04-03 09:09:08 [http-nio-8080-exec-8] DEBUG org.hibernate.SQL - 
    select
        p1_0.client_id,
        p1_0.id,
        p1_0.created_at,
        p1_0.is_main,
        p1_0.notes,
        p1_0.phone_number,
        p1_0.phone_type,
        p1_0.updated_at 
    from
        client_phones p1_0 
    where
        p1_0.client_id=?
2026-04-03 09:09:08 [http-nio-8080-exec-8] DEBUG org.hibernate.SQL - 
    select
        e1_0.client_id,
        e1_0.id,
        e1_0.created_at,
        e1_0.email_address,
        e1_0.email_type,
        e1_0.is_main,
        e1_0.notes,
        e1_0.updated_at 
    from
        client_emails e1_0 
    where
        e1_0.client_id=?
2026-04-03 09:09:08 [http-nio-8080-exec-8] DEBUG org.hibernate.SQL - 
    select
        a1_0.client_id,
        a1_0.id,
        a1_0.address_type,
        a1_0.city,
        a1_0.country,
        a1_0.created_at,
        a1_0.is_main,
        a1_0.notes,
        a1_0.postal_code,
        a1_0.street_address,
        a1_0.updated_at 
    from
        client_addresses a1_0 
    where
        a1_0.client_id=?
2026-04-03 09:09:08 [http-nio-8080-exec-8] DEBUG org.hibernate.SQL - 
    select
        r1_0.client_id,
        r1_0.id,
        r1_0.created_at,
        r1_0.email,
        r1_0.is_primary,
        r1_0.name,
        r1_0.notes,
        r1_0.phone,
        r1_0.position,
        r1_0.updated_at 
    from
        client_representatives r1_0 
    where
        r1_0.client_id=?
2026-04-03 09:09:08 [http-nio-8080-exec-8] DEBUG org.hibernate.SQL - 
    select
        p1_0.client_id,
        p1_0.id,
        p1_0.created_at,
        p1_0.is_main,
        p1_0.notes,
        p1_0.phone_number,
        p1_0.phone_type,
        p1_0.updated_at 
    from
        client_phones p1_0 
    where
        p1_0.client_id=?
2026-04-03 09:09:08 [http-nio-8080-exec-8] DEBUG org.hibernate.SQL - 
    select
        e1_0.client_id,
        e1_0.id,
        e1_0.created_at,
        e1_0.email_address,
        e1_0.email_type,
        e1_0.is_main,
        e1_0.notes,
        e1_0.updated_at 
    from
        client_emails e1_0 
    where
        e1_0.client_id=?
2026-04-03 09:09:08 [http-nio-8080-exec-8] DEBUG org.hibernate.SQL - 
    select
        a1_0.client_id,
        a1_0.id,
        a1_0.address_type,
        a1_0.city,
        a1_0.country,
        a1_0.created_at,
        a1_0.is_main,
        a1_0.notes,
        a1_0.postal_code,
        a1_0.street_address,
        a1_0.updated_at 
    from
        client_addresses a1_0 
    where
        a1_0.client_id=?
2026-04-03 09:09:08 [http-nio-8080-exec-7] DEBUG o.s.security.web.FilterChainProxy - Securing GET /api/clients
2026-04-03 09:09:08 [http-nio-8080-exec-7] INFO  c.a.g.s.s.JwtAuthenticationFilter - JWT token validated for user: 1d21df26-12cd-4b93-aab8-dbae0ea35c17 (type: java.util.UUID)
2026-04-03 09:09:08 [http-nio-8080-exec-7] DEBUG o.s.security.web.FilterChainProxy - Secured GET /api/clients
2026-04-03 09:09:08 [http-nio-8080-exec-7] INFO  c.a.g.a.controller.ClientController - GET /api/clients - Get all clients
2026-04-03 09:09:08 [http-nio-8080-exec-7] DEBUG org.hibernate.SQL - 
    /* SELECT
        c 
    FROM
        Client c 
    WHERE
        (
            :search = '' 
            OR LOWER(c.name) LIKE CONCAT('%', :search, '%')
        ) 
        AND (
            :isActive IS NULL 
            OR c.isActive = :isActive
        ) 
        AND c.createdAt >= :fromDate 
        AND c.createdAt <= :toDate 
    order by
        c.createdAt desc */ select
            c1_0.id,
            c1_0.created_at,
            c1_0.description,
            c1_0.is_active,
            c1_0.name,
            c1_0.updated_at 
        from
            clients c1_0 
        where
            (
                ?='' 
                or lower(c1_0.name) like ('%'||?||'%') escape ''
            ) 
            and (
                ? is null 
                or c1_0.is_active=?
            ) 
            and c1_0.created_at>=? 
            and c1_0.created_at<=? 
        order by
            c1_0.created_at desc 
        offset
            ? rows 
        fetch
            first ? rows only
2026-04-03 09:09:08 [http-nio-8080-exec-7] DEBUG org.hibernate.SQL - 
    select
        r1_0.client_id,
        r1_0.id,
        r1_0.created_at,
        r1_0.email,
        r1_0.is_primary,
        r1_0.name,
        r1_0.notes,
        r1_0.phone,
        r1_0.position,
        r1_0.updated_at 
    from
        client_representatives r1_0 
    where
        r1_0.client_id=?
2026-04-03 09:09:08 [http-nio-8080-exec-7] DEBUG org.hibernate.SQL - 
    select
        p1_0.client_id,
        p1_0.id,
        p1_0.created_at,
        p1_0.is_main,
        p1_0.notes,
        p1_0.phone_number,
        p1_0.phone_type,
        p1_0.updated_at 
    from
        client_phones p1_0 
    where
        p1_0.client_id=?
2026-04-03 09:09:08 [http-nio-8080-exec-7] DEBUG org.hibernate.SQL - 
    select
        e1_0.client_id,
        e1_0.id,
        e1_0.created_at,
        e1_0.email_address,
        e1_0.email_type,
        e1_0.is_main,
        e1_0.notes,
        e1_0.updated_at 
    from
        client_emails e1_0 
    where
        e1_0.client_id=?
2026-04-03 09:09:08 [http-nio-8080-exec-7] DEBUG org.hibernate.SQL - 
    select
        a1_0.client_id,
        a1_0.id,
        a1_0.address_type,
        a1_0.city,
        a1_0.country,
        a1_0.created_at,
        a1_0.is_main,
        a1_0.notes,
        a1_0.postal_code,
        a1_0.street_address,
        a1_0.updated_at 
    from
        client_addresses a1_0 
    where
        a1_0.client_id=?
2026-04-03 09:09:08 [http-nio-8080-exec-7] DEBUG org.hibernate.SQL - 
    select
        r1_0.client_id,
        r1_0.id,
        r1_0.created_at,
        r1_0.email,
        r1_0.is_primary,
        r1_0.name,
        r1_0.notes,
        r1_0.phone,
        r1_0.position,
        r1_0.updated_at 
    from
        client_representatives r1_0 
    where
        r1_0.client_id=?
2026-04-03 09:09:08 [http-nio-8080-exec-7] DEBUG org.hibernate.SQL - 
    select
        p1_0.client_id,
        p1_0.id,
        p1_0.created_at,
        p1_0.is_main,
        p1_0.notes,
        p1_0.phone_number,
        p1_0.phone_type,
        p1_0.updated_at 
    from
        client_phones p1_0 
    where
        p1_0.client_id=?
2026-04-03 09:09:08 [http-nio-8080-exec-7] DEBUG org.hibernate.SQL - 
    select
        e1_0.client_id,
        e1_0.id,
        e1_0.created_at,
        e1_0.email_address,
        e1_0.email_type,
        e1_0.is_main,
        e1_0.notes,
        e1_0.updated_at 
    from
        client_emails e1_0 
    where
        e1_0.client_id=?
2026-04-03 09:09:08 [http-nio-8080-exec-7] DEBUG org.hibernate.SQL - 
    select
        a1_0.client_id,
        a1_0.id,
        a1_0.address_type,
        a1_0.city,
        a1_0.country,
        a1_0.created_at,
        a1_0.is_main,
        a1_0.notes,
        a1_0.postal_code,
        a1_0.street_address,
        a1_0.updated_at 
    from
        client_addresses a1_0 
    where
        a1_0.client_id=?
2026-04-03 09:09:08 [http-nio-8080-exec-7] DEBUG org.hibernate.SQL - 
    select
        r1_0.client_id,
        r1_0.id,
        r1_0.created_at,
        r1_0.email,
        r1_0.is_primary,
        r1_0.name,
        r1_0.notes,
        r1_0.phone,
        r1_0.position,
        r1_0.updated_at 
    from
        client_representatives r1_0 
    where
        r1_0.client_id=?
2026-04-03 09:09:08 [http-nio-8080-exec-7] DEBUG org.hibernate.SQL - 
    select
        p1_0.client_id,
        p1_0.id,
        p1_0.created_at,
        p1_0.is_main,
        p1_0.notes,
        p1_0.phone_number,
        p1_0.phone_type,
        p1_0.updated_at 
    from
        client_phones p1_0 
    where
        p1_0.client_id=?
2026-04-03 09:09:08 [http-nio-8080-exec-7] DEBUG org.hibernate.SQL - 
    select
        e1_0.client_id,
        e1_0.id,
        e1_0.created_at,
        e1_0.email_address,
        e1_0.email_type,
        e1_0.is_main,
        e1_0.notes,
        e1_0.updated_at 
    from
        client_emails e1_0 
    where
        e1_0.client_id=?
2026-04-03 09:09:08 [http-nio-8080-exec-7] DEBUG org.hibernate.SQL - 
    select
        a1_0.client_id,
        a1_0.id,
        a1_0.address_type,
        a1_0.city,
        a1_0.country,
        a1_0.created_at,
        a1_0.is_main,
        a1_0.notes,
        a1_0.postal_code,
        a1_0.street_address,
        a1_0.updated_at 
    from
        client_addresses a1_0 
    where
        a1_0.client_id=?
2026-04-03 09:09:24 [http-nio-8080-exec-10] DEBUG o.s.security.web.FilterChainProxy - Securing GET /api/clients
2026-04-03 09:09:24 [http-nio-8080-exec-10] INFO  c.a.g.s.s.JwtAuthenticationFilter - JWT token validated for user: 1d21df26-12cd-4b93-aab8-dbae0ea35c17 (type: java.util.UUID)
2026-04-03 09:09:24 [http-nio-8080-exec-10] DEBUG o.s.security.web.FilterChainProxy - Secured GET /api/clients
2026-04-03 09:09:24 [http-nio-8080-exec-10] INFO  c.a.g.a.controller.ClientController - GET /api/clients - Get all clients
2026-04-03 09:09:24 [http-nio-8080-exec-10] DEBUG org.hibernate.SQL - 
    /* SELECT
        c 
    FROM
        Client c 
    WHERE
        (
            :search = '' 
            OR LOWER(c.name) LIKE CONCAT('%', :search, '%')
        ) 
        AND (
            :isActive IS NULL 
            OR c.isActive = :isActive
        ) 
        AND c.createdAt >= :fromDate 
        AND c.createdAt <= :toDate 
    order by
        c.createdAt desc */ select
            c1_0.id,
            c1_0.created_at,
            c1_0.description,
            c1_0.is_active,
            c1_0.name,
            c1_0.updated_at 
        from
            clients c1_0 
        where
            (
                ?='' 
                or lower(c1_0.name) like ('%'||?||'%') escape ''
            ) 
            and (
                ? is null 
                or c1_0.is_active=?
            ) 
            and c1_0.created_at>=? 
            and c1_0.created_at<=? 
        order by
            c1_0.created_at desc 
        offset
            ? rows 
        fetch
            first ? rows only
2026-04-03 09:09:24 [http-nio-8080-exec-10] DEBUG org.hibernate.SQL - 
    select
        r1_0.client_id,
        r1_0.id,
        r1_0.created_at,
        r1_0.email,
        r1_0.is_primary,
        r1_0.name,
        r1_0.notes,
        r1_0.phone,
        r1_0.position,
        r1_0.updated_at 
    from
        client_representatives r1_0 
    where
        r1_0.client_id=?
2026-04-03 09:09:24 [http-nio-8080-exec-10] DEBUG org.hibernate.SQL - 
    select
        p1_0.client_id,
        p1_0.id,
        p1_0.created_at,
        p1_0.is_main,
        p1_0.notes,
        p1_0.phone_number,
        p1_0.phone_type,
        p1_0.updated_at 
    from
        client_phones p1_0 
    where
        p1_0.client_id=?
2026-04-03 09:09:24 [http-nio-8080-exec-10] DEBUG org.hibernate.SQL - 
    select
        e1_0.client_id,
        e1_0.id,
        e1_0.created_at,
        e1_0.email_address,
        e1_0.email_type,
        e1_0.is_main,
        e1_0.notes,
        e1_0.updated_at 
    from
        client_emails e1_0 
    where
        e1_0.client_id=?
2026-04-03 09:09:24 [http-nio-8080-exec-10] DEBUG org.hibernate.SQL - 
    select
        a1_0.client_id,
        a1_0.id,
        a1_0.address_type,
        a1_0.city,
        a1_0.country,
        a1_0.created_at,
        a1_0.is_main,
        a1_0.notes,
        a1_0.postal_code,
        a1_0.street_address,
        a1_0.updated_at 
    from
        client_addresses a1_0 
    where
        a1_0.client_id=?
2026-04-03 09:09:24 [http-nio-8080-exec-10] DEBUG org.hibernate.SQL - 
    select
        r1_0.client_id,
        r1_0.id,
        r1_0.created_at,
        r1_0.email,
        r1_0.is_primary,
        r1_0.name,
        r1_0.notes,
        r1_0.phone,
        r1_0.position,
        r1_0.updated_at 
    from
        client_representatives r1_0 
    where
        r1_0.client_id=?
2026-04-03 09:09:24 [http-nio-8080-exec-10] DEBUG org.hibernate.SQL - 
    select
        p1_0.client_id,
        p1_0.id,
        p1_0.created_at,
        p1_0.is_main,
        p1_0.notes,
        p1_0.phone_number,
        p1_0.phone_type,
        p1_0.updated_at 
    from
        client_phones p1_0 
    where
        p1_0.client_id=?
2026-04-03 09:09:24 [http-nio-8080-exec-10] DEBUG org.hibernate.SQL - 
    select
        e1_0.client_id,
        e1_0.id,
        e1_0.created_at,
        e1_0.email_address,
        e1_0.email_type,
        e1_0.is_main,
        e1_0.notes,
        e1_0.updated_at 
    from
        client_emails e1_0 
    where
        e1_0.client_id=?
2026-04-03 09:09:24 [http-nio-8080-exec-10] DEBUG org.hibernate.SQL - 
    select
        a1_0.client_id,
        a1_0.id,
        a1_0.address_type,
        a1_0.city,
        a1_0.country,
        a1_0.created_at,
        a1_0.is_main,
        a1_0.notes,
        a1_0.postal_code,
        a1_0.street_address,
        a1_0.updated_at 
    from
        client_addresses a1_0 
    where
        a1_0.client_id=?
2026-04-03 09:09:24 [http-nio-8080-exec-10] DEBUG org.hibernate.SQL - 
    select
        r1_0.client_id,
        r1_0.id,
        r1_0.created_at,
        r1_0.email,
        r1_0.is_primary,
        r1_0.name,
        r1_0.notes,
        r1_0.phone,
        r1_0.position,
        r1_0.updated_at 
    from
        client_representatives r1_0 
    where
        r1_0.client_id=?
2026-04-03 09:09:24 [http-nio-8080-exec-10] DEBUG org.hibernate.SQL - 
    select
        p1_0.client_id,
        p1_0.id,
        p1_0.created_at,
        p1_0.is_main,
        p1_0.notes,
        p1_0.phone_number,
        p1_0.phone_type,
        p1_0.updated_at 
    from
        client_phones p1_0 
    where
        p1_0.client_id=?
2026-04-03 09:09:24 [http-nio-8080-exec-10] DEBUG org.hibernate.SQL - 
    select
        e1_0.client_id,
        e1_0.id,
        e1_0.created_at,
        e1_0.email_address,
        e1_0.email_type,
        e1_0.is_main,
        e1_0.notes,
        e1_0.updated_at 
    from
        client_emails e1_0 
    where
        e1_0.client_id=?
2026-04-03 09:09:24 [http-nio-8080-exec-10] DEBUG org.hibernate.SQL - 
    select
        a1_0.client_id,
        a1_0.id,
        a1_0.address_type,
        a1_0.city,
        a1_0.country,
        a1_0.created_at,
        a1_0.is_main,
        a1_0.notes,
        a1_0.postal_code,
        a1_0.street_address,
        a1_0.updated_at 
    from
        client_addresses a1_0 
    where
        a1_0.client_id=?
2026-04-03 09:09:24 [http-nio-8080-exec-9] DEBUG o.s.security.web.FilterChainProxy - Securing GET /api/clients
2026-04-03 09:09:24 [http-nio-8080-exec-9] INFO  c.a.g.s.s.JwtAuthenticationFilter - JWT token validated for user: 1d21df26-12cd-4b93-aab8-dbae0ea35c17 (type: java.util.UUID)
2026-04-03 09:09:24 [http-nio-8080-exec-9] DEBUG o.s.security.web.FilterChainProxy - Secured GET /api/clients
2026-04-03 09:09:24 [http-nio-8080-exec-9] INFO  c.a.g.a.controller.ClientController - GET /api/clients - Get all clients
2026-04-03 09:09:24 [http-nio-8080-exec-9] DEBUG org.hibernate.SQL - 
    /* SELECT
        c 
    FROM
        Client c 
    WHERE
        (
            :search = '' 
            OR LOWER(c.name) LIKE CONCAT('%', :search, '%')
        ) 
        AND (
            :isActive IS NULL 
            OR c.isActive = :isActive
        ) 
        AND c.createdAt >= :fromDate 
        AND c.createdAt <= :toDate 
    order by
        c.createdAt desc */ select
            c1_0.id,
            c1_0.created_at,
            c1_0.description,
            c1_0.is_active,
            c1_0.name,
            c1_0.updated_at 
        from
            clients c1_0 
        where
            (
                ?='' 
                or lower(c1_0.name) like ('%'||?||'%') escape ''
            ) 
            and (
                ? is null 
                or c1_0.is_active=?
            ) 
            and c1_0.created_at>=? 
            and c1_0.created_at<=? 
        order by
            c1_0.created_at desc 
        offset
            ? rows 
        fetch
            first ? rows only
2026-04-03 09:09:24 [http-nio-8080-exec-9] DEBUG org.hibernate.SQL - 
    select
        r1_0.client_id,
        r1_0.id,
        r1_0.created_at,
        r1_0.email,
        r1_0.is_primary,
        r1_0.name,
        r1_0.notes,
        r1_0.phone,
        r1_0.position,
        r1_0.updated_at 
    from
        client_representatives r1_0 
    where
        r1_0.client_id=?
2026-04-03 09:09:24 [http-nio-8080-exec-9] DEBUG org.hibernate.SQL - 
    select
        p1_0.client_id,
        p1_0.id,
        p1_0.created_at,
        p1_0.is_main,
        p1_0.notes,
        p1_0.phone_number,
        p1_0.phone_type,
        p1_0.updated_at 
    from
        client_phones p1_0 
    where
        p1_0.client_id=?
2026-04-03 09:09:24 [http-nio-8080-exec-9] DEBUG org.hibernate.SQL - 
    select
        e1_0.client_id,
        e1_0.id,
        e1_0.created_at,
        e1_0.email_address,
        e1_0.email_type,
        e1_0.is_main,
        e1_0.notes,
        e1_0.updated_at 
    from
        client_emails e1_0 
    where
        e1_0.client_id=?
2026-04-03 09:09:24 [http-nio-8080-exec-9] DEBUG org.hibernate.SQL - 
    select
        a1_0.client_id,
        a1_0.id,
        a1_0.address_type,
        a1_0.city,
        a1_0.country,
        a1_0.created_at,
        a1_0.is_main,
        a1_0.notes,
        a1_0.postal_code,
        a1_0.street_address,
        a1_0.updated_at 
    from
        client_addresses a1_0 
    where
        a1_0.client_id=?
2026-04-03 09:09:24 [http-nio-8080-exec-9] DEBUG org.hibernate.SQL - 
    select
        r1_0.client_id,
        r1_0.id,
        r1_0.created_at,
        r1_0.email,
        r1_0.is_primary,
        r1_0.name,
        r1_0.notes,
        r1_0.phone,
        r1_0.position,
        r1_0.updated_at 
    from
        client_representatives r1_0 
    where
        r1_0.client_id=?
2026-04-03 09:09:24 [http-nio-8080-exec-9] DEBUG org.hibernate.SQL - 
    select
        p1_0.client_id,
        p1_0.id,
        p1_0.created_at,
        p1_0.is_main,
        p1_0.notes,
        p1_0.phone_number,
        p1_0.phone_type,
        p1_0.updated_at 
    from
        client_phones p1_0 
    where
        p1_0.client_id=?
2026-04-03 09:09:24 [http-nio-8080-exec-9] DEBUG org.hibernate.SQL - 
    select
        e1_0.client_id,
        e1_0.id,
        e1_0.created_at,
        e1_0.email_address,
        e1_0.email_type,
        e1_0.is_main,
        e1_0.notes,
        e1_0.updated_at 
    from
        client_emails e1_0 
    where
        e1_0.client_id=?
2026-04-03 09:09:24 [http-nio-8080-exec-9] DEBUG org.hibernate.SQL - 
    select
        a1_0.client_id,
        a1_0.id,
        a1_0.address_type,
        a1_0.city,
        a1_0.country,
        a1_0.created_at,
        a1_0.is_main,
        a1_0.notes,
        a1_0.postal_code,
        a1_0.street_address,
        a1_0.updated_at 
    from
        client_addresses a1_0 
    where
        a1_0.client_id=?
2026-04-03 09:09:24 [http-nio-8080-exec-9] DEBUG org.hibernate.SQL - 
    select
        r1_0.client_id,
        r1_0.id,
        r1_0.created_at,
        r1_0.email,
        r1_0.is_primary,
        r1_0.name,
        r1_0.notes,
        r1_0.phone,
        r1_0.position,
        r1_0.updated_at 
    from
        client_representatives r1_0 
    where
        r1_0.client_id=?
2026-04-03 09:09:24 [http-nio-8080-exec-9] DEBUG org.hibernate.SQL - 
    select
        p1_0.client_id,
        p1_0.id,
        p1_0.created_at,
        p1_0.is_main,
        p1_0.notes,
        p1_0.phone_number,
        p1_0.phone_type,
        p1_0.updated_at 
    from
        client_phones p1_0 
    where
        p1_0.client_id=?
2026-04-03 09:09:24 [http-nio-8080-exec-9] DEBUG org.hibernate.SQL - 
    select
        e1_0.client_id,
        e1_0.id,
        e1_0.created_at,
        e1_0.email_address,
        e1_0.email_type,
        e1_0.is_main,
        e1_0.notes,
        e1_0.updated_at 
    from
        client_emails e1_0 
    where
        e1_0.client_id=?
2026-04-03 09:09:24 [http-nio-8080-exec-9] DEBUG org.hibernate.SQL - 
    select
        a1_0.client_id,
        a1_0.id,
        a1_0.address_type,
        a1_0.city,
        a1_0.country,
        a1_0.created_at,
        a1_0.is_main,
        a1_0.notes,
        a1_0.postal_code,
        a1_0.street_address,
        a1_0.updated_at 
    from
        client_addresses a1_0 
    where
        a1_0.client_id=?
